

info [Wed Nov 08 2017 15:24:40 GMT-0500 (EST)]  ,1,-79.76259,40.477383,-79.76259,45.015851,-71.777492,45.015851,-71.777492,40.477383
info [Wed Nov 08 2017 15:24:44 GMT-0500 (EST)]  ,2,-79.76259,40.477383,-79.76259,45.015851,-71.777492,45.015851,-71.777492,40.477383
info [Wed Nov 08 2017 15:24:45 GMT-0500 (EST)]  ,3,-79.639319,43.403221,-79.639319,43.855401,-78.90582,43.855401,-78.90582,43.403221
info [Wed Nov 08 2017 15:24:45 GMT-0500 (EST)]  ,4,-79.76259,40.477383,-79.76259,45.015851,-71.777492,45.015851,-71.777492,40.477383
info [Wed Nov 08 2017 15:24:46 GMT-0500 (EST)]  ,5,-79.639319,43.403221,-79.639319,43.855401,-78.90582,43.855401,-78.90582,43.403221

info [Wed Nov 08 2017 15:36:22 GMT-0500 (EST)]  1,-79.76259,40.477383,-79.76259,45.015851,-71.777492,45.015851,-71.777492,40.477383
info [Wed Nov 08 2017 15:36:31 GMT-0500 (EST)]  2,-79.888911,43.60222,-79.888911,43.847722,-79.630272,43.847722,-79.630272,43.60222
info [Wed Nov 08 2017 15:36:32 GMT-0500 (EST)]  3,-79.639319,43.403221,-79.639319,43.855401,-78.90582,43.855401,-78.90582,43.403221
info [Wed Nov 08 2017 15:36:40 GMT-0500 (EST)]  4,-79.810142,43.373074,-79.810142,43.737414,-79.422004,43.737414,-79.422004,43.373074
info [Wed Nov 08 2017 15:36:46 GMT-0500 (EST)]  5,-141.561094,41.676329,-141.561094,89.9999,-51.053519,89.9999,-51.053519,41.676329
info [Wed Nov 08 2017 15:37:00 GMT-0500 (EST)]  6,-79.639319,43.403221,-79.639319,43.855401,-78.90582,43.855401,-78.90582,43.403221
info [Wed Nov 08 2017 15:37:01 GMT-0500 (EST)]  7,-79.639319,43.403221,-79.639319,43.855401,-78.90582,43.855401,-78.90582,43.403221
info [Wed Nov 08 2017 15:37:02 GMT-0500 (EST)]  8,-79.385708,43.649712,-79.385708,43.649712,-79.385708,43.649712,-79.385708,43.649712
info [Wed Nov 08 2017 15:37:05 GMT-0500 (EST)]  9,-141.561094,41.676329,-141.561094,89.9999,-51.053519,89.9999,-51.053519,41.676329
info [Wed Nov 08 2017 15:37:13 GMT-0500 (EST)]  10,-79.76259,40.477383,-79.76259,45.015851,-71.777492,45.015851,-71.777492,40.477383
info [Wed Nov 08 2017 15:37:15 GMT-0500 (EST)]  11,-141.561094,41.676329,-141.561094,89.9999,-51.053519,89.9999,-51.053519,41.676329
info [Wed Nov 08 2017 15:37:22 GMT-0500 (EST)]  12,-79.639319,43.403221,-79.639319,43.855401,-78.90582,43.855401,-78.90582,43.403221
info [Wed Nov 08 2017 15:37:23 GMT-0500 (EST)]  13,-79.639319,43.403221,-79.639319,43.855401,-78.90582,43.855401,-78.90582,43.403221
info [Wed Nov 08 2017 15:37:25 GMT-0500 (EST)]  14,-79.76259,40.477383,-79.76259,45.015851,-71.777492,45.015851,-71.777492,40.477383
info [Wed Nov 08 2017 15:37:29 GMT-0500 (EST)]  15,-79.76259,40.477383,-79.76259,45.015851,-71.777492,45.015851,-71.777492,40.477383
info [Wed Nov 08 2017 15:37:29 GMT-0500 (EST)]  16,-79.76259,40.477383,-79.76259,45.015851,-71.777492,45.015851,-71.777492,40.477383
info [Wed Nov 08 2017 15:37:30 GMT-0500 (EST)]  17,-79.639319,43.403221,-79.639319,43.855401,-78.90582,43.855401,-78.90582,43.403221
info [Wed Nov 08 2017 15:37:31 GMT-0500 (EST)]  18,-79.639319,43.403221,-79.639319,43.855401,-78.90582,43.855401,-78.90582,43.403221
info [Wed Nov 08 2017 15:37:31 GMT-0500 (EST)]  19,-79.639319,43.403221,-79.639319,43.855401,-78.90582,43.855401,-78.90582,43.403221
info [Wed Nov 08 2017 15:37:34 GMT-0500 (EST)]  20,-79.76259,40.477383,-79.76259,45.015851,-71.777492,45.015851,-71.777492,40.477383
info [Wed Nov 08 2017 15:37:34 GMT-0500 (EST)]  21,-79.639319,43.403221,-79.639319,43.855401,-78.90582,43.855401,-78.90582,43.403221
info [Wed Nov 08 2017 15:37:40 GMT-0500 (EST)]  22,-79.76259,40.477383,-79.76259,45.015851,-71.777492,45.015851,-71.777492,40.477383
info [Wed Nov 08 2017 15:37:43 GMT-0500 (EST)]  23,-79.639319,43.403221,-79.639319,43.855401,-78.90582,43.855401,-78.90582,43.403221
info [Wed Nov 08 2017 15:37:45 GMT-0500 (EST)]  24,-79.76259,40.477383,-79.76259,45.015851,-71.777492,45.015851,-71.777492,40.477383
info [Wed Nov 08 2017 15:37:45 GMT-0500 (EST)]  25,-141.561094,41.676329,-141.561094,89.9999,-51.053519,89.9999,-51.053519,41.676329
info [Wed Nov 08 2017 15:37:48 GMT-0500 (EST)]  26,-79.76259,40.477383,-79.76259,45.015851,-71.777492,45.015851,-71.777492,40.477383
info [Wed Nov 08 2017 15:37:51 GMT-0500 (EST)]  27,-79.639319,43.403221,-79.639319,43.855401,-78.90582,43.855401,-78.90582,43.403221
info [Wed Nov 08 2017 15:37:57 GMT-0500 (EST)]  28,-79.639319,43.403221,-79.639319,43.855401,-78.90582,43.855401,-78.90582,43.403221
info [Wed Nov 08 2017 15:38:00 GMT-0500 (EST)]  29,-79.639319,43.403221,-79.639319,43.855401,-78.90582,43.855401,-78.90582,43.403221
info [Wed Nov 08 2017 15:38:00 GMT-0500 (EST)]  30,-79.429128,43.798004,-79.429128,43.963385,-79.170217,43.963385,-79.170217,43.798004
info [Wed Nov 08 2017 15:38:02 GMT-0500 (EST)]  31,-79.639319,43.403221,-79.639319,43.855401,-78.90582,43.855401,-78.90582,43.403221
info [Wed Nov 08 2017 15:38:02 GMT-0500 (EST)]  32,-79.76259,40.477383,-79.76259,45.015851,-71.777492,45.015851,-71.777492,40.477383
info [Wed Nov 08 2017 15:38:02 GMT-0500 (EST)]  33,-79.639319,43.403221,-79.639319,43.855401,-78.90582,43.855401,-78.90582,43.403221
info [Wed Nov 08 2017 15:38:04 GMT-0500 (EST)]  34,-79.639319,43.403221,-79.639319,43.855401,-78.90582,43.855401,-78.90582,43.403221
info [Wed Nov 08 2017 15:38:06 GMT-0500 (EST)]  35,-79.810142,43.373074,-79.810142,43.737414,-79.422004,43.737414,-79.422004,43.373074
info [Wed Nov 08 2017 15:38:09 GMT-0500 (EST)]  36,-79.639319,43.403221,-79.639319,43.855401,-78.90582,43.855401,-78.90582,43.403221
info [Wed Nov 08 2017 15:38:13 GMT-0500 (EST)]  37,-79.639319,43.403221,-79.639319,43.855401,-78.90582,43.855401,-78.90582,43.403221
info [Wed Nov 08 2017 15:38:16 GMT-0500 (EST)]  38,-79.639319,43.403221,-79.639319,43.855401,-78.90582,43.855401,-78.90582,43.403221
info [Wed Nov 08 2017 15:38:16 GMT-0500 (EST)]  39,-79.888911,43.60222,-79.888911,43.847722,-79.630272,43.847722,-79.630272,43.60222
info [Wed Nov 08 2017 15:38:17 GMT-0500 (EST)]  40,-141.561094,41.676329,-141.561094,89.9999,-51.053519,89.9999,-51.053519,41.676329
info [Wed Nov 08 2017 15:38:18 GMT-0500 (EST)]  41,-79.639319,43.403221,-79.639319,43.855401,-78.90582,43.855401,-78.90582,43.403221
info [Wed Nov 08 2017 15:38:18 GMT-0500 (EST)]  42,-79.639319,43.403221,-79.639319,43.855401,-78.90582,43.855401,-78.90582,43.403221
info [Wed Nov 08 2017 15:38:20 GMT-0500 (EST)]  43,-79.76259,40.477383,-79.76259,45.015851,-71.777492,45.015851,-71.777492,40.477383
info [Wed Nov 08 2017 15:38:20 GMT-0500 (EST)]  44,-79.76259,40.477383,-79.76259,45.015851,-71.777492,45.015851,-71.777492,40.477383
info [Wed Nov 08 2017 15:38:20 GMT-0500 (EST)]  45,-79.76259,40.477383,-79.76259,45.015851,-71.777492,45.015851,-71.777492,40.477383
info [Wed Nov 08 2017 15:38:20 GMT-0500 (EST)]  46,-79.76259,40.477383,-79.76259,45.015851,-71.777492,45.015851,-71.777492,40.477383
info [Wed Nov 08 2017 15:38:21 GMT-0500 (EST)]  47,-79.76259,40.477383,-79.76259,45.015851,-71.777492,45.015851,-71.777492,40.477383
info [Wed Nov 08 2017 15:38:22 GMT-0500 (EST)]  48,-79.639319,43.403221,-79.639319,43.855401,-78.90582,43.855401,-78.90582,43.403221
info [Wed Nov 08 2017 15:38:26 GMT-0500 (EST)]  49,-79.76259,40.477383,-79.76259,45.015851,-71.777492,45.015851,-71.777492,40.477383
info [Wed Nov 08 2017 15:38:26 GMT-0500 (EST)]  50,-141.561094,41.676329,-141.561094,89.9999,-51.053519,89.9999,-51.053519,41.676329
info [Wed Nov 08 2017 15:38:27 GMT-0500 (EST)]  51,-79.76259,40.477383,-79.76259,45.015851,-71.777492,45.015851,-71.777492,40.477383

info [Wed Nov 08 2017 15:44:08 GMT-0500 (EST)]  1,-79.639319,43.403221,-79.639319,43.855401,-78.90582,43.855401,-78.90582,43.403221
info [Wed Nov 08 2017 15:44:19 GMT-0500 (EST)]  2,-79.639319,43.403221,-79.639319,43.855401,-78.90582,43.855401,-78.90582,43.403221
info [Wed Nov 08 2017 15:44:22 GMT-0500 (EST)]  3,-79.639319,43.403221,-79.639319,43.855401,-78.90582,43.855401,-78.90582,43.403221
info [Wed Nov 08 2017 15:44:26 GMT-0500 (EST)]  4,-79.76259,40.477383,-79.76259,45.015851,-71.777492,45.015851,-71.777492,40.477383
info [Wed Nov 08 2017 15:44:27 GMT-0500 (EST)]  5,-79.639319,43.403221,-79.639319,43.855401,-78.90582,43.855401,-78.90582,43.403221
info [Wed Nov 08 2017 15:44:29 GMT-0500 (EST)]  6,-79.76259,40.477383,-79.76259,45.015851,-71.777492,45.015851,-71.777492,40.477383
info [Wed Nov 08 2017 15:44:30 GMT-0500 (EST)]  7,-79.76259,40.477383,-79.76259,45.015851,-71.777492,45.015851,-71.777492,40.477383
info [Wed Nov 08 2017 15:44:31 GMT-0500 (EST)]  8,-79.639319,43.403221,-79.639319,43.855401,-78.90582,43.855401,-78.90582,43.403221
info [Wed Nov 08 2017 15:44:32 GMT-0500 (EST)]  9,-79.639319,43.403221,-79.639319,43.855401,-78.90582,43.855401,-78.90582,43.403221
info [Wed Nov 08 2017 15:44:32 GMT-0500 (EST)]  10,-79.76259,40.477383,-79.76259,45.015851,-71.777492,45.015851,-71.777492,40.477383
info [Wed Nov 08 2017 15:44:33 GMT-0500 (EST)]  11,-79.639319,43.403221,-79.639319,43.855401,-78.90582,43.855401,-78.90582,43.403221
info [Wed Nov 08 2017 15:44:38 GMT-0500 (EST)]  12,-79.888911,43.60222,-79.888911,43.847722,-79.630272,43.847722,-79.630272,43.60222
info [Wed Nov 08 2017 15:44:40 GMT-0500 (EST)]  13,-79.810142,43.373074,-79.810142,43.737414,-79.422004,43.737414,-79.422004,43.373074
info [Wed Nov 08 2017 15:44:44 GMT-0500 (EST)]  14,-79.639319,43.403221,-79.639319,43.855401,-78.90582,43.855401,-78.90582,43.403221
info [Wed Nov 08 2017 15:44:45 GMT-0500 (EST)]  15,-79.485633,43.829311,-79.485633,43.977707,-79.371118,43.977707,-79.371118,43.829311
info [Wed Nov 08 2017 15:44:46 GMT-0500 (EST)]  16,-79.76259,40.477383,-79.76259,45.015851,-71.777492,45.015851,-71.777492,40.477383
info [Wed Nov 08 2017 15:44:48 GMT-0500 (EST)]  17,-79.639319,43.403221,-79.639319,43.855401,-78.90582,43.855401,-78.90582,43.403221
info [Wed Nov 08 2017 15:44:49 GMT-0500 (EST)]  18,-79.76259,40.477383,-79.76259,45.015851,-71.777492,45.015851,-71.777492,40.477383
info [Wed Nov 08 2017 15:44:49 GMT-0500 (EST)]  19,-79.76259,40.477383,-79.76259,45.015851,-71.777492,45.015851,-71.777492,40.477383
info [Wed Nov 08 2017 15:44:50 GMT-0500 (EST)]  20,-79.639319,43.403221,-79.639319,43.855401,-78.90582,43.855401,-78.90582,43.403221
info [Wed Nov 08 2017 15:44:52 GMT-0500 (EST)]  21,-79.639319,43.403221,-79.639319,43.855401,-78.90582,43.855401,-78.90582,43.403221
info [Wed Nov 08 2017 15:44:53 GMT-0500 (EST)]  22,-79.639319,43.403221,-79.639319,43.855401,-78.90582,43.855401,-78.90582,43.403221
info [Wed Nov 08 2017 15:44:54 GMT-0500 (EST)]  23,-79.639319,43.403221,-79.639319,43.855401,-78.90582,43.855401,-78.90582,43.403221
info [Wed Nov 08 2017 15:44:55 GMT-0500 (EST)]  24,-79.639319,43.403221,-79.639319,43.855401,-78.90582,43.855401,-78.90582,43.403221
info [Wed Nov 08 2017 15:45:00 GMT-0500 (EST)]  25,-79.639319,43.403221,-79.639319,43.855401,-78.90582,43.855401,-78.90582,43.403221
info [Wed Nov 08 2017 15:45:02 GMT-0500 (EST)]  26,-79.76259,40.477383,-79.76259,45.015851,-71.777492,45.015851,-71.777492,40.477383
info [Wed Nov 08 2017 15:45:02 GMT-0500 (EST)]  27,-79.76259,40.477383,-79.76259,45.015851,-71.777492,45.015851,-71.777492,40.477383
info [Wed Nov 08 2017 15:45:03 GMT-0500 (EST)]  28,-79.639319,43.403221,-79.639319,43.855401,-78.90582,43.855401,-78.90582,43.403221
info [Wed Nov 08 2017 15:45:03 GMT-0500 (EST)]  29,-79.639319,43.403221,-79.639319,43.855401,-78.90582,43.855401,-78.90582,43.403221
info [Wed Nov 08 2017 15:45:06 GMT-0500 (EST)]  30,-79.76259,40.477383,-79.76259,45.015851,-71.777492,45.015851,-71.777492,40.477383
info [Wed Nov 08 2017 15:45:12 GMT-0500 (EST)]  31,-79.639319,43.403221,-79.639319,43.855401,-78.90582,43.855401,-78.90582,43.403221
info [Wed Nov 08 2017 15:45:13 GMT-0500 (EST)]  32,-79.639319,43.403221,-79.639319,43.855401,-78.90582,43.855401,-78.90582,43.403221
info [Wed Nov 08 2017 15:45:16 GMT-0500 (EST)]  33,-79.328008,43.554887,-79.328008,44.516729,-78.400923,44.516729,-78.400923,43.554887
info [Wed Nov 08 2017 15:45:17 GMT-0500 (EST)]  34,-79.76259,40.477383,-79.76259,45.015851,-71.777492,45.015851,-71.777492,40.477383
info [Wed Nov 08 2017 15:45:22 GMT-0500 (EST)]  35,-79.711527,43.749761,-79.711527,43.924448,-79.420056,43.924448,-79.420056,43.749761
info [Wed Nov 08 2017 15:45:23 GMT-0500 (EST)]  36,-79.639319,43.403221,-79.639319,43.855401,-78.90582,43.855401,-78.90582,43.403221
info [Wed Nov 08 2017 15:45:28 GMT-0500 (EST)]  37,-79.76259,40.477383,-79.76259,45.015851,-71.777492,45.015851,-71.777492,40.477383
info [Wed Nov 08 2017 15:45:30 GMT-0500 (EST)]  38,-79.76259,40.477383,-79.76259,45.015851,-71.777492,45.015851,-71.777492,40.477383
info [Wed Nov 08 2017 15:45:31 GMT-0500 (EST)]  39,-79.639319,43.403221,-79.639319,43.855401,-78.90582,43.855401,-78.90582,43.403221
info [Wed Nov 08 2017 15:45:31 GMT-0500 (EST)]  40,-79.76259,40.477383,-79.76259,45.015851,-71.777492,45.015851,-71.777492,40.477383
info [Wed Nov 08 2017 15:45:34 GMT-0500 (EST)]  41,-141.561094,41.676329,-141.561094,89.9999,-51.053519,89.9999,-51.053519,41.676329
info [Wed Nov 08 2017 15:45:35 GMT-0500 (EST)]  42,-79.639319,43.403221,-79.639319,43.855401,-78.90582,43.855401,-78.90582,43.403221
info [Wed Nov 08 2017 15:45:44 GMT-0500 (EST)]  43,-79.639319,43.403221,-79.639319,43.855401,-78.90582,43.855401,-78.90582,43.403221
info [Wed Nov 08 2017 15:45:46 GMT-0500 (EST)]  44,-79.639319,43.403221,-79.639319,43.855401,-78.90582,43.855401,-78.90582,43.403221
info [Wed Nov 08 2017 15:45:51 GMT-0500 (EST)]  45,-79.76259,40.477383,-79.76259,45.015851,-71.777492,45.015851,-71.777492,40.477383
info [Wed Nov 08 2017 15:45:52 GMT-0500 (EST)]  46,-79.888911,43.60222,-79.888911,43.847722,-79.630272,43.847722,-79.630272,43.60222
info [Wed Nov 08 2017 15:45:53 GMT-0500 (EST)]  47,-79.639319,43.403221,-79.639319,43.855401,-78.90582,43.855401,-78.90582,43.403221
info [Wed Nov 08 2017 15:45:54 GMT-0500 (EST)]  48,-79.639319,43.403221,-79.639319,43.855401,-78.90582,43.855401,-78.90582,43.403221
info [Wed Nov 08 2017 15:45:56 GMT-0500 (EST)]  49,-79.639319,43.403221,-79.639319,43.855401,-78.90582,43.855401,-78.90582,43.403221
info [Wed Nov 08 2017 15:45:58 GMT-0500 (EST)]  50,-79.639319,43.403221,-79.639319,43.855401,-78.90582,43.855401,-78.90582,43.403221
info [Wed Nov 08 2017 15:45:58 GMT-0500 (EST)]  51,-79.888911,43.60222,-79.888911,43.847722,-79.630272,43.847722,-79.630272,43.60222
info [Wed Nov 08 2017 15:45:59 GMT-0500 (EST)]  52,-79.888911,43.60222,-79.888911,43.847722,-79.630272,43.847722,-79.630272,43.60222

info [Wed Nov 08 2017 15:53:27 GMT-0500 (EST)]  1,-79.639319,43.403221,-79.639319,43.855401,-78.90582,43.855401,-78.90582,43.403221
info [Wed Nov 08 2017 15:53:28 GMT-0500 (EST)]  2,-79.639319,43.403221,-79.639319,43.855401,-78.90582,43.855401,-78.90582,43.403221
info [Wed Nov 08 2017 15:53:28 GMT-0500 (EST)]  3,-79.220024,43.554887,-79.220024,44.01077,-78.852434,44.01077,-78.852434,43.554887
info [Wed Nov 08 2017 15:53:31 GMT-0500 (EST)]  4,-79.711527,43.749761,-79.711527,43.924448,-79.420056,43.924448,-79.420056,43.749761
info [Wed Nov 08 2017 15:53:31 GMT-0500 (EST)]  5,-79.639319,43.403221,-79.639319,43.855401,-78.90582,43.855401,-78.90582,43.403221
info [Wed Nov 08 2017 15:53:36 GMT-0500 (EST)]  6,-79.888911,43.60222,-79.888911,43.847722,-79.630272,43.847722,-79.630272,43.60222
info [Wed Nov 08 2017 15:53:41 GMT-0500 (EST)]  7,-79.533047,43.727863,-79.533047,43.727863,-79.533047,43.727863,-79.533047,43.727863
info [Wed Nov 08 2017 15:53:43 GMT-0500 (EST)]  8,-79.639319,43.403221,-79.639319,43.855401,-78.90582,43.855401,-78.90582,43.403221
info [Wed Nov 08 2017 15:53:45 GMT-0500 (EST)]  9,-79.810142,43.373074,-79.810142,43.737414,-79.422004,43.737414,-79.422004,43.373074
info [Wed Nov 08 2017 15:53:45 GMT-0500 (EST)]  10,-79.639319,43.403221,-79.639319,43.855401,-78.90582,43.855401,-78.90582,43.403221
info [Wed Nov 08 2017 15:53:54 GMT-0500 (EST)]  11,-79.639319,43.403221,-79.639319,43.855401,-78.90582,43.855401,-78.90582,43.403221
info [Wed Nov 08 2017 15:53:55 GMT-0500 (EST)]  12,-141.561094,41.676329,-141.561094,89.9999,-51.053519,89.9999,-51.053519,41.676329
info [Wed Nov 08 2017 15:53:58 GMT-0500 (EST)]  13,-79.639319,43.403221,-79.639319,43.855401,-78.90582,43.855401,-78.90582,43.403221
info [Wed Nov 08 2017 15:53:58 GMT-0500 (EST)]  14,-79.639319,43.403221,-79.639319,43.855401,-78.90582,43.855401,-78.90582,43.403221
info [Wed Nov 08 2017 15:53:59 GMT-0500 (EST)]  15,-79.639319,43.403221,-79.639319,43.855401,-78.90582,43.855401,-78.90582,43.403221
info [Wed Nov 08 2017 15:54:00 GMT-0500 (EST)]  16,-79.639319,43.403221,-79.639319,43.855401,-78.90582,43.855401,-78.90582,43.403221
info [Wed Nov 08 2017 15:54:02 GMT-0500 (EST)]  17,-79.639319,43.403221,-79.639319,43.855401,-78.90582,43.855401,-78.90582,43.403221
info [Wed Nov 08 2017 15:54:04 GMT-0500 (EST)]  18,-79.429128,43.798004,-79.429128,43.963385,-79.170217,43.963385,-79.170217,43.798004
info [Wed Nov 08 2017 15:54:07 GMT-0500 (EST)]  19,-79.639319,43.403221,-79.639319,43.855401,-78.90582,43.855401,-78.90582,43.403221
info [Wed Nov 08 2017 15:54:08 GMT-0500 (EST)]  20,-79.639319,43.403221,-79.639319,43.855401,-78.90582,43.855401,-78.90582,43.403221
info [Wed Nov 08 2017 15:54:08 GMT-0500 (EST)]  21,-79.639319,43.403221,-79.639319,43.855401,-78.90582,43.855401,-78.90582,43.403221
info [Wed Nov 08 2017 15:54:09 GMT-0500 (EST)]  22,-79.639319,43.403221,-79.639319,43.855401,-78.90582,43.855401,-78.90582,43.403221
info [Wed Nov 08 2017 15:54:09 GMT-0500 (EST)]  23,-79.639319,43.403221,-79.639319,43.855401,-78.90582,43.855401,-78.90582,43.403221
info [Wed Nov 08 2017 15:54:10 GMT-0500 (EST)]  24,-79.639319,43.403221,-79.639319,43.855401,-78.90582,43.855401,-78.90582,43.403221
info [Wed Nov 08 2017 15:54:10 GMT-0500 (EST)]  25,-79.639319,43.403221,-79.639319,43.855401,-78.90582,43.855401,-78.90582,43.403221
info [Wed Nov 08 2017 15:54:12 GMT-0500 (EST)]  26,-141.561094,41.676329,-141.561094,89.9999,-51.053519,89.9999,-51.053519,41.676329
info [Wed Nov 08 2017 15:54:12 GMT-0500 (EST)]  27,-79.711527,43.749761,-79.711527,43.924448,-79.420056,43.924448,-79.420056,43.749761
info [Wed Nov 08 2017 15:54:14 GMT-0500 (EST)]  28,-79.639319,43.403221,-79.639319,43.855401,-78.90582,43.855401,-78.90582,43.403221
info [Wed Nov 08 2017 15:54:14 GMT-0500 (EST)]  29,-79.429128,43.798004,-79.429128,43.963385,-79.170217,43.963385,-79.170217,43.798004
info [Wed Nov 08 2017 15:54:15 GMT-0500 (EST)]  30,-79.76259,40.477383,-79.76259,45.015851,-71.777492,45.015851,-71.777492,40.477383
info [Wed Nov 08 2017 15:54:20 GMT-0500 (EST)]  31,-79.639319,43.403221,-79.639319,43.855401,-78.90582,43.855401,-78.90582,43.403221
info [Wed Nov 08 2017 15:54:20 GMT-0500 (EST)]  32,-79.810142,43.373074,-79.810142,43.737414,-79.422004,43.737414,-79.422004,43.373074
info [Wed Nov 08 2017 15:54:25 GMT-0500 (EST)]  33,-79.639319,43.403221,-79.639319,43.855401,-78.90582,43.855401,-78.90582,43.403221
info [Wed Nov 08 2017 15:54:27 GMT-0500 (EST)]  34,-79.429128,43.798004,-79.429128,43.963385,-79.170217,43.963385,-79.170217,43.798004
info [Wed Nov 08 2017 15:54:27 GMT-0500 (EST)]  35,-79.76259,40.477383,-79.76259,45.015851,-71.777492,45.015851,-71.777492,40.477383
info [Wed Nov 08 2017 15:54:28 GMT-0500 (EST)]  36,-141.561094,41.676329,-141.561094,89.9999,-51.053519,89.9999,-51.053519,41.676329
info [Wed Nov 08 2017 15:54:31 GMT-0500 (EST)]  37,-79.639319,43.403221,-79.639319,43.855401,-78.90582,43.855401,-78.90582,43.403221
info [Wed Nov 08 2017 15:54:31 GMT-0500 (EST)]  38,-79.888911,43.60222,-79.888911,43.847722,-79.630272,43.847722,-79.630272,43.60222
info [Wed Nov 08 2017 15:54:31 GMT-0500 (EST)]  39,-79.639319,43.403221,-79.639319,43.855401,-78.90582,43.855401,-78.90582,43.403221
info [Wed Nov 08 2017 15:54:31 GMT-0500 (EST)]  40,-79.639319,43.403221,-79.639319,43.855401,-78.90582,43.855401,-78.90582,43.403221
info [Wed Nov 08 2017 15:54:32 GMT-0500 (EST)]  41,-79.639319,43.403221,-79.639319,43.855401,-78.90582,43.855401,-78.90582,43.403221
info [Wed Nov 08 2017 15:54:32 GMT-0500 (EST)]  42,-79.639319,43.403221,-79.639319,43.855401,-78.90582,43.855401,-78.90582,43.403221
info [Wed Nov 08 2017 15:54:33 GMT-0500 (EST)]  43,-79.76259,40.477383,-79.76259,45.015851,-71.777492,45.015851,-71.777492,40.477383
info [Wed Nov 08 2017 15:54:35 GMT-0500 (EST)]  44,-79.639319,43.403221,-79.639319,43.855401,-78.90582,43.855401,-78.90582,43.403221
info [Wed Nov 08 2017 15:54:37 GMT-0500 (EST)]  45,-79.76259,40.477383,-79.76259,45.015851,-71.777492,45.015851,-71.777492,40.477383
info [Wed Nov 08 2017 15:54:39 GMT-0500 (EST)]  46,-79.76259,40.477383,-79.76259,45.015851,-71.777492,45.015851,-71.777492,40.477383
info [Wed Nov 08 2017 15:54:42 GMT-0500 (EST)]  47,-79.76259,40.477383,-79.76259,45.015851,-71.777492,45.015851,-71.777492,40.477383
info [Wed Nov 08 2017 15:54:42 GMT-0500 (EST)]  48,-79.639319,43.403221,-79.639319,43.855401,-78.90582,43.855401,-78.90582,43.403221
info [Wed Nov 08 2017 15:54:47 GMT-0500 (EST)]  49,-79.328008,43.554887,-79.328008,44.516729,-78.400923,44.516729,-78.400923,43.554887
info [Wed Nov 08 2017 15:54:50 GMT-0500 (EST)]  50,-79.76259,40.477383,-79.76259,45.015851,-71.777492,45.015851,-71.777492,40.477383
info [Wed Nov 08 2017 15:54:52 GMT-0500 (EST)]  51,-79.639319,43.403221,-79.639319,43.855401,-78.90582,43.855401,-78.90582,43.403221
info [Wed Nov 08 2017 15:54:56 GMT-0500 (EST)]  52,-141.561094,41.676329,-141.561094,89.9999,-51.053519,89.9999,-51.053519,41.676329
info [Wed Nov 08 2017 15:54:57 GMT-0500 (EST)]  53,-79.639319,43.403221,-79.639319,43.855401,-78.90582,43.855401,-78.90582,43.403221
info [Wed Nov 08 2017 15:54:58 GMT-0500 (EST)]  54,-79.76259,40.477383,-79.76259,45.015851,-71.777492,45.015851,-71.777492,40.477383
info [Wed Nov 08 2017 15:55:00 GMT-0500 (EST)]  55,-79.888911,43.60222,-79.888911,43.847722,-79.630272,43.847722,-79.630272,43.60222
info [Wed Nov 08 2017 15:55:01 GMT-0500 (EST)]  56,-79.639319,43.403221,-79.639319,43.855401,-78.90582,43.855401,-78.90582,43.403221
info [Wed Nov 08 2017 15:55:02 GMT-0500 (EST)]  57,-79.711527,43.749761,-79.711527,43.924448,-79.420056,43.924448,-79.420056,43.749761
info [Wed Nov 08 2017 15:55:03 GMT-0500 (EST)]  58,-79.76259,40.477383,-79.76259,45.015851,-71.777492,45.015851,-71.777492,40.477383
info [Wed Nov 08 2017 15:55:03 GMT-0500 (EST)]  59,-141.561094,41.676329,-141.561094,89.9999,-51.053519,89.9999,-51.053519,41.676329
info [Wed Nov 08 2017 15:55:06 GMT-0500 (EST)]  60,-79.38722,43.645762,-79.38722,43.645762,-79.38722,43.645762,-79.38722,43.645762
info [Wed Nov 08 2017 15:55:07 GMT-0500 (EST)]  61,-79.639319,43.403221,-79.639319,43.855401,-78.90582,43.855401,-78.90582,43.403221
info [Wed Nov 08 2017 15:55:08 GMT-0500 (EST)]  62,-79.76259,40.477383,-79.76259,45.015851,-71.777492,45.015851,-71.777492,40.477383
info [Wed Nov 08 2017 15:55:09 GMT-0500 (EST)]  63,-79.76259,40.477383,-79.76259,45.015851,-71.777492,45.015851,-71.777492,40.477383
info [Wed Nov 08 2017 15:55:10 GMT-0500 (EST)]  64,-79.810142,43.373074,-79.810142,43.737414,-79.422004,43.737414,-79.422004,43.373074
info [Wed Nov 08 2017 15:55:10 GMT-0500 (EST)]  65,-79.76259,40.477383,-79.76259,45.015851,-71.777492,45.015851,-71.777492,40.477383
info [Wed Nov 08 2017 15:55:10 GMT-0500 (EST)]  66,-79.76259,40.477383,-79.76259,45.015851,-71.777492,45.015851,-71.777492,40.477383
info [Wed Nov 08 2017 15:55:11 GMT-0500 (EST)]  67,-79.639319,43.403221,-79.639319,43.855401,-78.90582,43.855401,-78.90582,43.403221
info [Wed Nov 08 2017 15:55:12 GMT-0500 (EST)]  68,-79.639319,43.403221,-79.639319,43.855401,-78.90582,43.855401,-78.90582,43.403221
info [Wed Nov 08 2017 15:55:12 GMT-0500 (EST)]  69,-79.76259,40.477383,-79.76259,45.015851,-71.777492,45.015851,-71.777492,40.477383
info [Wed Nov 08 2017 15:55:12 GMT-0500 (EST)]  70,-79.76259,40.477383,-79.76259,45.015851,-71.777492,45.015851,-71.777492,40.477383
info [Wed Nov 08 2017 15:55:12 GMT-0500 (EST)]  71,-79.76259,40.477383,-79.76259,45.015851,-71.777492,45.015851,-71.777492,40.477383
info [Wed Nov 08 2017 15:55:13 GMT-0500 (EST)]  72,-79.76259,40.477383,-79.76259,45.015851,-71.777492,45.015851,-71.777492,40.477383
info [Wed Nov 08 2017 15:55:13 GMT-0500 (EST)]  73,-79.76259,40.477383,-79.76259,45.015851,-71.777492,45.015851,-71.777492,40.477383
info [Wed Nov 08 2017 15:55:14 GMT-0500 (EST)]  74,-79.76259,40.477383,-79.76259,45.015851,-71.777492,45.015851,-71.777492,40.477383
info [Wed Nov 08 2017 15:55:15 GMT-0500 (EST)]  75,-79.76259,40.477383,-79.76259,45.015851,-71.777492,45.015851,-71.777492,40.477383
info [Wed Nov 08 2017 15:55:15 GMT-0500 (EST)]  76,-79.76259,40.477383,-79.76259,45.015851,-71.777492,45.015851,-71.777492,40.477383
info [Wed Nov 08 2017 15:55:16 GMT-0500 (EST)]  77,-79.76259,40.477383,-79.76259,45.015851,-71.777492,45.015851,-71.777492,40.477383
info [Wed Nov 08 2017 15:55:16 GMT-0500 (EST)]  78,-79.76259,40.477383,-79.76259,45.015851,-71.777492,45.015851,-71.777492,40.477383
info [Wed Nov 08 2017 15:55:17 GMT-0500 (EST)]  79,-79.76259,40.477383,-79.76259,45.015851,-71.777492,45.015851,-71.777492,40.477383
info [Wed Nov 08 2017 15:55:17 GMT-0500 (EST)]  80,-79.76259,40.477383,-79.76259,45.015851,-71.777492,45.015851,-71.777492,40.477383
info [Wed Nov 08 2017 15:55:18 GMT-0500 (EST)]  81,-79.76259,40.477383,-79.76259,45.015851,-71.777492,45.015851,-71.777492,40.477383
info [Wed Nov 08 2017 15:55:18 GMT-0500 (EST)]  82,-79.76259,40.477383,-79.76259,45.015851,-71.777492,45.015851,-71.777492,40.477383
info [Wed Nov 08 2017 15:55:19 GMT-0500 (EST)]  83,-79.76259,40.477383,-79.76259,45.015851,-71.777492,45.015851,-71.777492,40.477383
info [Wed Nov 08 2017 15:55:19 GMT-0500 (EST)]  84,-79.76259,40.477383,-79.76259,45.015851,-71.777492,45.015851,-71.777492,40.477383
info [Wed Nov 08 2017 15:55:21 GMT-0500 (EST)]  85,-79.76259,40.477383,-79.76259,45.015851,-71.777492,45.015851,-71.777492,40.477383
info [Wed Nov 08 2017 15:55:21 GMT-0500 (EST)]  86,-79.76259,40.477383,-79.76259,45.015851,-71.777492,45.015851,-71.777492,40.477383
info [Wed Nov 08 2017 15:55:21 GMT-0500 (EST)]  87,-79.810142,43.373074,-79.810142,43.737414,-79.422004,43.737414,-79.422004,43.373074
info [Wed Nov 08 2017 15:55:21 GMT-0500 (EST)]  88,-79.76259,40.477383,-79.76259,45.015851,-71.777492,45.015851,-71.777492,40.477383
info [Wed Nov 08 2017 15:55:22 GMT-0500 (EST)]  89,-79.76259,40.477383,-79.76259,45.015851,-71.777492,45.015851,-71.777492,40.477383
info [Wed Nov 08 2017 15:55:22 GMT-0500 (EST)]  90,-79.76259,40.477383,-79.76259,45.015851,-71.777492,45.015851,-71.777492,40.477383
info [Wed Nov 08 2017 15:55:24 GMT-0500 (EST)]  91,-141.561094,41.676329,-141.561094,89.9999,-51.053519,89.9999,-51.053519,41.676329
info [Wed Nov 08 2017 15:55:24 GMT-0500 (EST)]  92,-79.810142,43.373074,-79.810142,43.737414,-79.422004,43.737414,-79.422004,43.373074
info [Wed Nov 08 2017 15:55:26 GMT-0500 (EST)]  93,-79.639319,43.403221,-79.639319,43.855401,-78.90582,43.855401,-78.90582,43.403221
info [Wed Nov 08 2017 15:55:31 GMT-0500 (EST)]  94,-79.639319,43.403221,-79.639319,43.855401,-78.90582,43.855401,-78.90582,43.403221
info [Wed Nov 08 2017 15:55:31 GMT-0500 (EST)]  95,-79.639319,43.403221,-79.639319,43.855401,-78.90582,43.855401,-78.90582,43.403221
info [Wed Nov 08 2017 15:55:33 GMT-0500 (EST)]  96,-79.639319,43.403221,-79.639319,43.855401,-78.90582,43.855401,-78.90582,43.403221
info [Wed Nov 08 2017 15:55:37 GMT-0500 (EST)]  97,-79.76259,40.477383,-79.76259,45.015851,-71.777492,45.015851,-71.777492,40.477383
info [Wed Nov 08 2017 15:55:38 GMT-0500 (EST)]  98,-79.76259,40.477383,-79.76259,45.015851,-71.777492,45.015851,-71.777492,40.477383
info [Wed Nov 08 2017 15:55:38 GMT-0500 (EST)]  99,-79.639319,43.403221,-79.639319,43.855401,-78.90582,43.855401,-78.90582,43.403221
info [Wed Nov 08 2017 15:55:41 GMT-0500 (EST)]  100,-79.76259,40.477383,-79.76259,45.015851,-71.777492,45.015851,-71.777492,40.477383
info [Wed Nov 08 2017 15:55:42 GMT-0500 (EST)]  101,-79.76259,40.477383,-79.76259,45.015851,-71.777492,45.015851,-71.777492,40.477383
info [Wed Nov 08 2017 15:55:42 GMT-0500 (EST)]  102,-79.639319,43.403221,-79.639319,43.855401,-78.90582,43.855401,-78.90582,43.403221
info [Wed Nov 08 2017 15:55:44 GMT-0500 (EST)]  103,-79.810142,43.373074,-79.810142,43.737414,-79.422004,43.737414,-79.422004,43.373074
info [Wed Nov 08 2017 15:55:46 GMT-0500 (EST)]  104,-79.76259,40.477383,-79.76259,45.015851,-71.777492,45.015851,-71.777492,40.477383
info [Wed Nov 08 2017 15:55:47 GMT-0500 (EST)]  105,-79.639319,43.403221,-79.639319,43.855401,-78.90582,43.855401,-78.90582,43.403221
info [Wed Nov 08 2017 15:55:54 GMT-0500 (EST)]  106,-79.76259,40.477383,-79.76259,45.015851,-71.777492,45.015851,-71.777492,40.477383
info [Wed Nov 08 2017 15:55:55 GMT-0500 (EST)]  107,-79.888911,43.60222,-79.888911,43.847722,-79.630272,43.847722,-79.630272,43.60222
info [Wed Nov 08 2017 15:55:55 GMT-0500 (EST)]  108,-79.639319,43.403221,-79.639319,43.855401,-78.90582,43.855401,-78.90582,43.403221
info [Wed Nov 08 2017 15:55:58 GMT-0500 (EST)]  109,-79.76259,40.477383,-79.76259,45.015851,-71.777492,45.015851,-71.777492,40.477383
info [Wed Nov 08 2017 15:55:59 GMT-0500 (EST)]  110,-79.810142,43.373074,-79.810142,43.737414,-79.422004,43.737414,-79.422004,43.373074
info [Wed Nov 08 2017 15:56:03 GMT-0500 (EST)]  111,-79.639319,43.403221,-79.639319,43.855401,-78.90582,43.855401,-78.90582,43.403221
info [Wed Nov 08 2017 15:56:12 GMT-0500 (EST)]  112,-79.639319,43.403221,-79.639319,43.855401,-78.90582,43.855401,-78.90582,43.403221
info [Wed Nov 08 2017 15:56:13 GMT-0500 (EST)]  113,-79.639319,43.403221,-79.639319,43.855401,-78.90582,43.855401,-78.90582,43.403221
info [Wed Nov 08 2017 15:56:18 GMT-0500 (EST)]  114,-79.639319,43.403221,-79.639319,43.855401,-78.90582,43.855401,-78.90582,43.403221
info [Wed Nov 08 2017 15:56:19 GMT-0500 (EST)]  115,-79.639319,43.403221,-79.639319,43.855401,-78.90582,43.855401,-78.90582,43.403221
info [Wed Nov 08 2017 15:56:22 GMT-0500 (EST)]  116,-79.639319,43.403221,-79.639319,43.855401,-78.90582,43.855401,-78.90582,43.403221
info [Wed Nov 08 2017 15:56:23 GMT-0500 (EST)]  117,-79.76259,40.477383,-79.76259,45.015851,-71.777492,45.015851,-71.777492,40.477383
info [Wed Nov 08 2017 15:56:23 GMT-0500 (EST)]  118,-141.561094,41.676329,-141.561094,89.9999,-51.053519,89.9999,-51.053519,41.676329
info [Wed Nov 08 2017 15:56:25 GMT-0500 (EST)]  119,-79.810142,43.373074,-79.810142,43.737414,-79.422004,43.737414,-79.422004,43.373074
info [Wed Nov 08 2017 15:56:27 GMT-0500 (EST)]  120,-79.385395,43.666751,-79.385395,43.666751,-79.385395,43.666751,-79.385395,43.666751
info [Wed Nov 08 2017 15:56:31 GMT-0500 (EST)]  121,-79.639319,43.403221,-79.639319,43.855401,-78.90582,43.855401,-78.90582,43.403221
info [Wed Nov 08 2017 15:56:32 GMT-0500 (EST)]  122,-79.639319,43.403221,-79.639319,43.855401,-78.90582,43.855401,-78.90582,43.403221
info [Wed Nov 08 2017 15:56:33 GMT-0500 (EST)]  123,-79.639319,43.403221,-79.639319,43.855401,-78.90582,43.855401,-78.90582,43.403221
info [Wed Nov 08 2017 15:56:38 GMT-0500 (EST)]  124,-79.639319,43.403221,-79.639319,43.855401,-78.90582,43.855401,-78.90582,43.403221
info [Wed Nov 08 2017 15:56:39 GMT-0500 (EST)]  125,-79.639319,43.403221,-79.639319,43.855401,-78.90582,43.855401,-78.90582,43.403221
info [Wed Nov 08 2017 15:56:41 GMT-0500 (EST)]  126,-79.639319,43.403221,-79.639319,43.855401,-78.90582,43.855401,-78.90582,43.403221
info [Wed Nov 08 2017 15:56:48 GMT-0500 (EST)]  127,-79.639319,43.403221,-79.639319,43.855401,-78.90582,43.855401,-78.90582,43.403221
info [Wed Nov 08 2017 15:56:52 GMT-0500 (EST)]  128,-79.810142,43.373074,-79.810142,43.737414,-79.422004,43.737414,-79.422004,43.373074
info [Wed Nov 08 2017 15:56:53 GMT-0500 (EST)]  129,-79.639319,43.403221,-79.639319,43.855401,-78.90582,43.855401,-78.90582,43.403221
info [Wed Nov 08 2017 15:56:53 GMT-0500 (EST)]  130,-79.76259,40.477383,-79.76259,45.015851,-71.777492,45.015851,-71.777492,40.477383
info [Wed Nov 08 2017 15:56:54 GMT-0500 (EST)]  131,-79.639319,43.403221,-79.639319,43.855401,-78.90582,43.855401,-78.90582,43.403221
info [Wed Nov 08 2017 15:56:55 GMT-0500 (EST)]  132,-79.639319,43.403221,-79.639319,43.855401,-78.90582,43.855401,-78.90582,43.403221
info [Wed Nov 08 2017 15:56:58 GMT-0500 (EST)]  133,-79.639319,43.403221,-79.639319,43.855401,-78.90582,43.855401,-78.90582,43.403221
info [Wed Nov 08 2017 15:56:58 GMT-0500 (EST)]  134,-79.639319,43.403221,-79.639319,43.855401,-78.90582,43.855401,-78.90582,43.403221
info [Wed Nov 08 2017 15:56:58 GMT-0500 (EST)]  135,-79.76259,40.477383,-79.76259,45.015851,-71.777492,45.015851,-71.777492,40.477383
info [Wed Nov 08 2017 15:56:58 GMT-0500 (EST)]  136,-79.639319,43.403221,-79.639319,43.855401,-78.90582,43.855401,-78.90582,43.403221
info [Wed Nov 08 2017 15:57:05 GMT-0500 (EST)]  137,-79.711527,43.749761,-79.711527,43.924448,-79.420056,43.924448,-79.420056,43.749761
info [Wed Nov 08 2017 15:57:05 GMT-0500 (EST)]  138,-79.810142,43.373074,-79.810142,43.737414,-79.422004,43.737414,-79.422004,43.373074
info [Wed Nov 08 2017 15:57:06 GMT-0500 (EST)]  139,-79.76259,40.477383,-79.76259,45.015851,-71.777492,45.015851,-71.777492,40.477383
info [Wed Nov 08 2017 15:57:06 GMT-0500 (EST)]  140,-79.639319,43.403221,-79.639319,43.855401,-78.90582,43.855401,-78.90582,43.403221
info [Wed Nov 08 2017 15:57:09 GMT-0500 (EST)]  141,-79.639319,43.403221,-79.639319,43.855401,-78.90582,43.855401,-78.90582,43.403221
info [Wed Nov 08 2017 15:57:09 GMT-0500 (EST)]  142,-79.639319,43.403221,-79.639319,43.855401,-78.90582,43.855401,-78.90582,43.403221
info [Wed Nov 08 2017 15:57:09 GMT-0500 (EST)]  143,-79.76259,40.477383,-79.76259,45.015851,-71.777492,45.015851,-71.777492,40.477383
info [Wed Nov 08 2017 15:57:10 GMT-0500 (EST)]  144,-79.76259,40.477383,-79.76259,45.015851,-71.777492,45.015851,-71.777492,40.477383
info [Wed Nov 08 2017 15:57:10 GMT-0500 (EST)]  145,-79.639319,43.403221,-79.639319,43.855401,-78.90582,43.855401,-78.90582,43.403221
info [Wed Nov 08 2017 15:57:10 GMT-0500 (EST)]  146,-79.888911,43.60222,-79.888911,43.847722,-79.630272,43.847722,-79.630272,43.60222
info [Wed Nov 08 2017 15:57:12 GMT-0500 (EST)]  147,-79.639319,43.403221,-79.639319,43.855401,-78.90582,43.855401,-78.90582,43.403221
info [Wed Nov 08 2017 15:57:15 GMT-0500 (EST)]  148,-79.639319,43.403221,-79.639319,43.855401,-78.90582,43.855401,-78.90582,43.403221
info [Wed Nov 08 2017 15:57:29 GMT-0500 (EST)]  149,-79.76259,40.477383,-79.76259,45.015851,-71.777492,45.015851,-71.777492,40.477383
info [Wed Nov 08 2017 15:57:31 GMT-0500 (EST)]  150,-79.76259,40.477383,-79.76259,45.015851,-71.777492,45.015851,-71.777492,40.477383
info [Wed Nov 08 2017 15:57:35 GMT-0500 (EST)]  151,-79.639319,43.403221,-79.639319,43.855401,-78.90582,43.855401,-78.90582,43.403221
info [Wed Nov 08 2017 15:57:38 GMT-0500 (EST)]  152,-79.76259,40.477383,-79.76259,45.015851,-71.777492,45.015851,-71.777492,40.477383
info [Wed Nov 08 2017 15:57:39 GMT-0500 (EST)]  153,-79.639319,43.403221,-79.639319,43.855401,-78.90582,43.855401,-78.90582,43.403221
info [Wed Nov 08 2017 15:57:41 GMT-0500 (EST)]  154,-79.76259,40.477383,-79.76259,45.015851,-71.777492,45.015851,-71.777492,40.477383
info [Wed Nov 08 2017 15:57:42 GMT-0500 (EST)]  155,-79.639319,43.403221,-79.639319,43.855401,-78.90582,43.855401,-78.90582,43.403221
info [Wed Nov 08 2017 15:57:43 GMT-0500 (EST)]  156,-79.639319,43.403221,-79.639319,43.855401,-78.90582,43.855401,-78.90582,43.403221
info [Wed Nov 08 2017 15:57:43 GMT-0500 (EST)]  157,-79.414884,43.634453,-79.414884,43.634453,-79.414884,43.634453,-79.414884,43.634453
info [Wed Nov 08 2017 15:57:45 GMT-0500 (EST)]  158,-79.888911,43.60222,-79.888911,43.847722,-79.630272,43.847722,-79.630272,43.60222
info [Wed Nov 08 2017 15:57:45 GMT-0500 (EST)]  159,-79.639319,43.403221,-79.639319,43.855401,-78.90582,43.855401,-78.90582,43.403221
info [Wed Nov 08 2017 15:57:46 GMT-0500 (EST)]  160,-79.639319,43.403221,-79.639319,43.855401,-78.90582,43.855401,-78.90582,43.403221
info [Wed Nov 08 2017 15:57:47 GMT-0500 (EST)]  161,-79.76259,40.477383,-79.76259,45.015851,-71.777492,45.015851,-71.777492,40.477383
info [Wed Nov 08 2017 15:57:47 GMT-0500 (EST)]  162,-79.639319,43.403221,-79.639319,43.855401,-78.90582,43.855401,-78.90582,43.403221
info [Wed Nov 08 2017 15:57:55 GMT-0500 (EST)]  163,-79.639319,43.403221,-79.639319,43.855401,-78.90582,43.855401,-78.90582,43.403221
info [Wed Nov 08 2017 15:57:57 GMT-0500 (EST)]  164,-79.810142,43.373074,-79.810142,43.737414,-79.422004,43.737414,-79.422004,43.373074
info [Wed Nov 08 2017 15:58:00 GMT-0500 (EST)]  165,-79.639319,43.403221,-79.639319,43.855401,-78.90582,43.855401,-78.90582,43.403221
info [Wed Nov 08 2017 15:58:00 GMT-0500 (EST)]  166,-79.76259,40.477383,-79.76259,45.015851,-71.777492,45.015851,-71.777492,40.477383
info [Wed Nov 08 2017 15:58:02 GMT-0500 (EST)]  167,-79.810142,43.373074,-79.810142,43.737414,-79.422004,43.737414,-79.422004,43.373074
info [Wed Nov 08 2017 15:58:07 GMT-0500 (EST)]  168,-79.639319,43.403221,-79.639319,43.855401,-78.90582,43.855401,-78.90582,43.403221
info [Wed Nov 08 2017 15:58:07 GMT-0500 (EST)]  169,-79.639319,43.403221,-79.639319,43.855401,-78.90582,43.855401,-78.90582,43.403221
info [Wed Nov 08 2017 15:58:10 GMT-0500 (EST)]  170,-79.76259,40.477383,-79.76259,45.015851,-71.777492,45.015851,-71.777492,40.477383
info [Wed Nov 08 2017 15:58:13 GMT-0500 (EST)]  171,-79.76259,40.477383,-79.76259,45.015851,-71.777492,45.015851,-71.777492,40.477383
info [Wed Nov 08 2017 15:58:16 GMT-0500 (EST)]  172,-79.639319,43.403221,-79.639319,43.855401,-78.90582,43.855401,-78.90582,43.403221
info [Wed Nov 08 2017 15:58:21 GMT-0500 (EST)]  173,-79.76259,40.477383,-79.76259,45.015851,-71.777492,45.015851,-71.777492,40.477383
info [Wed Nov 08 2017 15:58:23 GMT-0500 (EST)]  174,-79.76259,40.477383,-79.76259,45.015851,-71.777492,45.015851,-71.777492,40.477383
info [Wed Nov 08 2017 15:58:29 GMT-0500 (EST)]  175,-79.711527,43.749761,-79.711527,43.924448,-79.420056,43.924448,-79.420056,43.749761
info [Wed Nov 08 2017 15:58:31 GMT-0500 (EST)]  176,-79.810142,43.373074,-79.810142,43.737414,-79.422004,43.737414,-79.422004,43.373074
info [Wed Nov 08 2017 15:58:31 GMT-0500 (EST)]  177,-79.639319,43.403221,-79.639319,43.855401,-78.90582,43.855401,-78.90582,43.403221
info [Wed Nov 08 2017 15:58:32 GMT-0500 (EST)]  178,-79.76259,40.477383,-79.76259,45.015851,-71.777492,45.015851,-71.777492,40.477383
info [Wed Nov 08 2017 15:58:34 GMT-0500 (EST)]  179,-79.639319,43.403221,-79.639319,43.855401,-78.90582,43.855401,-78.90582,43.403221
info [Wed Nov 08 2017 15:58:37 GMT-0500 (EST)]  180,-79.639319,43.403221,-79.639319,43.855401,-78.90582,43.855401,-78.90582,43.403221
info [Wed Nov 08 2017 15:58:38 GMT-0500 (EST)]  181,-79.639319,43.403221,-79.639319,43.855401,-78.90582,43.855401,-78.90582,43.403221
info [Wed Nov 08 2017 15:58:39 GMT-0500 (EST)]  182,-79.888911,43.60222,-79.888911,43.847722,-79.630272,43.847722,-79.630272,43.60222
info [Wed Nov 08 2017 15:58:42 GMT-0500 (EST)]  183,-79.639319,43.403221,-79.639319,43.855401,-78.90582,43.855401,-78.90582,43.403221
info [Wed Nov 08 2017 15:58:42 GMT-0500 (EST)]  184,-79.76259,40.477383,-79.76259,45.015851,-71.777492,45.015851,-71.777492,40.477383
info [Wed Nov 08 2017 15:58:43 GMT-0500 (EST)]  185,-79.639319,43.403221,-79.639319,43.855401,-78.90582,43.855401,-78.90582,43.403221
info [Wed Nov 08 2017 15:58:46 GMT-0500 (EST)]  186,-79.639319,43.403221,-79.639319,43.855401,-78.90582,43.855401,-78.90582,43.403221
info [Wed Nov 08 2017 15:58:48 GMT-0500 (EST)]  187,-79.639319,43.403221,-79.639319,43.855401,-78.90582,43.855401,-78.90582,43.403221
info [Wed Nov 08 2017 15:58:48 GMT-0500 (EST)]  188,-79.639319,43.403221,-79.639319,43.855401,-78.90582,43.855401,-78.90582,43.403221
info [Wed Nov 08 2017 15:58:50 GMT-0500 (EST)]  189,-79.810142,43.373074,-79.810142,43.737414,-79.422004,43.737414,-79.422004,43.373074
info [Wed Nov 08 2017 15:58:54 GMT-0500 (EST)]  190,-79.429128,43.798004,-79.429128,43.963385,-79.170217,43.963385,-79.170217,43.798004
info [Wed Nov 08 2017 15:58:55 GMT-0500 (EST)]  191,-79.639319,43.403221,-79.639319,43.855401,-78.90582,43.855401,-78.90582,43.403221
info [Wed Nov 08 2017 15:58:58 GMT-0500 (EST)]  192,-141.561094,41.676329,-141.561094,89.9999,-51.053519,89.9999,-51.053519,41.676329
info [Wed Nov 08 2017 15:59:00 GMT-0500 (EST)]  193,-79.639319,43.403221,-79.639319,43.855401,-78.90582,43.855401,-78.90582,43.403221
info [Wed Nov 08 2017 15:59:01 GMT-0500 (EST)]  194,-79.639319,43.403221,-79.639319,43.855401,-78.90582,43.855401,-78.90582,43.403221
info [Wed Nov 08 2017 15:59:06 GMT-0500 (EST)]  195,-79.810142,43.373074,-79.810142,43.737414,-79.422004,43.737414,-79.422004,43.373074
info [Wed Nov 08 2017 15:59:10 GMT-0500 (EST)]  196,-79.76259,40.477383,-79.76259,45.015851,-71.777492,45.015851,-71.777492,40.477383
info [Wed Nov 08 2017 15:59:12 GMT-0500 (EST)]  197,-79.639319,43.403221,-79.639319,43.855401,-78.90582,43.855401,-78.90582,43.403221
info [Wed Nov 08 2017 15:59:13 GMT-0500 (EST)]  198,-79.429128,43.798004,-79.429128,43.963385,-79.170217,43.963385,-79.170217,43.798004
info [Wed Nov 08 2017 15:59:13 GMT-0500 (EST)]  199,-79.76259,40.477383,-79.76259,45.015851,-71.777492,45.015851,-71.777492,40.477383
info [Wed Nov 08 2017 15:59:13 GMT-0500 (EST)]  200,-79.639319,43.403221,-79.639319,43.855401,-78.90582,43.855401,-78.90582,43.403221
info [Wed Nov 08 2017 15:59:14 GMT-0500 (EST)]  201,-79.639319,43.403221,-79.639319,43.855401,-78.90582,43.855401,-78.90582,43.403221
info [Wed Nov 08 2017 15:59:16 GMT-0500 (EST)]  202,-79.639319,43.403221,-79.639319,43.855401,-78.90582,43.855401,-78.90582,43.403221
info [Wed Nov 08 2017 15:59:18 GMT-0500 (EST)]  203,-79.711527,43.749761,-79.711527,43.924448,-79.420056,43.924448,-79.420056,43.749761
info [Wed Nov 08 2017 15:59:20 GMT-0500 (EST)]  204,-79.888911,43.60222,-79.888911,43.847722,-79.630272,43.847722,-79.630272,43.60222
info [Wed Nov 08 2017 15:59:20 GMT-0500 (EST)]  205,-79.639319,43.403221,-79.639319,43.855401,-78.90582,43.855401,-78.90582,43.403221
info [Wed Nov 08 2017 15:59:25 GMT-0500 (EST)]  206,-79.888911,43.60222,-79.888911,43.847722,-79.630272,43.847722,-79.630272,43.60222
info [Wed Nov 08 2017 15:59:26 GMT-0500 (EST)]  207,-79.810142,43.373074,-79.810142,43.737414,-79.422004,43.737414,-79.422004,43.373074
info [Wed Nov 08 2017 15:59:27 GMT-0500 (EST)]  208,-79.639319,43.403221,-79.639319,43.855401,-78.90582,43.855401,-78.90582,43.403221
info [Wed Nov 08 2017 15:59:30 GMT-0500 (EST)]  209,-79.76259,40.477383,-79.76259,45.015851,-71.777492,45.015851,-71.777492,40.477383
info [Wed Nov 08 2017 15:59:30 GMT-0500 (EST)]  210,-79.76259,40.477383,-79.76259,45.015851,-71.777492,45.015851,-71.777492,40.477383
info [Wed Nov 08 2017 15:59:31 GMT-0500 (EST)]  211,-79.639319,43.403221,-79.639319,43.855401,-78.90582,43.855401,-78.90582,43.403221
info [Wed Nov 08 2017 15:59:32 GMT-0500 (EST)]  212,-79.639319,43.403221,-79.639319,43.855401,-78.90582,43.855401,-78.90582,43.403221
info [Wed Nov 08 2017 15:59:34 GMT-0500 (EST)]  213,-79.639319,43.403221,-79.639319,43.855401,-78.90582,43.855401,-78.90582,43.403221
info [Wed Nov 08 2017 15:59:35 GMT-0500 (EST)]  214,-79.810142,43.373074,-79.810142,43.737414,-79.422004,43.737414,-79.422004,43.373074
info [Wed Nov 08 2017 15:59:37 GMT-0500 (EST)]  215,-79.639319,43.403221,-79.639319,43.855401,-78.90582,43.855401,-78.90582,43.403221
info [Wed Nov 08 2017 15:59:38 GMT-0500 (EST)]  216,-79.639319,43.403221,-79.639319,43.855401,-78.90582,43.855401,-78.90582,43.403221
info [Wed Nov 08 2017 15:59:42 GMT-0500 (EST)]  217,-79.639319,43.403221,-79.639319,43.855401,-78.90582,43.855401,-78.90582,43.403221
info [Wed Nov 08 2017 15:59:42 GMT-0500 (EST)]  218,-79.76259,40.477383,-79.76259,45.015851,-71.777492,45.015851,-71.777492,40.477383
info [Wed Nov 08 2017 15:59:42 GMT-0500 (EST)]  219,-79.639319,43.403221,-79.639319,43.855401,-78.90582,43.855401,-78.90582,43.403221
info [Wed Nov 08 2017 15:59:45 GMT-0500 (EST)]  220,-79.76259,40.477383,-79.76259,45.015851,-71.777492,45.015851,-71.777492,40.477383
info [Wed Nov 08 2017 15:59:53 GMT-0500 (EST)]  221,-79.639319,43.403221,-79.639319,43.855401,-78.90582,43.855401,-78.90582,43.403221
info [Wed Nov 08 2017 15:59:54 GMT-0500 (EST)]  222,-79.76259,40.477383,-79.76259,45.015851,-71.777492,45.015851,-71.777492,40.477383
info [Wed Nov 08 2017 15:59:55 GMT-0500 (EST)]  223,-79.888911,43.60222,-79.888911,43.847722,-79.630272,43.847722,-79.630272,43.60222
info [Wed Nov 08 2017 15:59:56 GMT-0500 (EST)]  224,-79.76259,40.477383,-79.76259,45.015851,-71.777492,45.015851,-71.777492,40.477383
info [Wed Nov 08 2017 16:00:00 GMT-0500 (EST)]  225,-79.639319,43.403221,-79.639319,43.855401,-78.90582,43.855401,-78.90582,43.403221
info [Wed Nov 08 2017 16:00:02 GMT-0500 (EST)]  226,-79.76259,40.477383,-79.76259,45.015851,-71.777492,45.015851,-71.777492,40.477383
info [Wed Nov 08 2017 16:00:03 GMT-0500 (EST)]  227,-79.639319,43.403221,-79.639319,43.855401,-78.90582,43.855401,-78.90582,43.403221
info [Wed Nov 08 2017 16:00:04 GMT-0500 (EST)]  228,-79.888911,43.60222,-79.888911,43.847722,-79.630272,43.847722,-79.630272,43.60222
info [Wed Nov 08 2017 16:00:05 GMT-0500 (EST)]  229,-79.76259,40.477383,-79.76259,45.015851,-71.777492,45.015851,-71.777492,40.477383
info [Wed Nov 08 2017 16:00:05 GMT-0500 (EST)]  230,-79.76259,40.477383,-79.76259,45.015851,-71.777492,45.015851,-71.777492,40.477383
info [Wed Nov 08 2017 16:00:05 GMT-0500 (EST)]  231,-79.76259,40.477383,-79.76259,45.015851,-71.777492,45.015851,-71.777492,40.477383
info [Wed Nov 08 2017 16:00:06 GMT-0500 (EST)]  232,-79.76259,40.477383,-79.76259,45.015851,-71.777492,45.015851,-71.777492,40.477383
info [Wed Nov 08 2017 16:00:06 GMT-0500 (EST)]  233,-79.76259,40.477383,-79.76259,45.015851,-71.777492,45.015851,-71.777492,40.477383
info [Wed Nov 08 2017 16:00:06 GMT-0500 (EST)]  234,-79.76259,40.477383,-79.76259,45.015851,-71.777492,45.015851,-71.777492,40.477383
info [Wed Nov 08 2017 16:00:07 GMT-0500 (EST)]  235,-79.76259,40.477383,-79.76259,45.015851,-71.777492,45.015851,-71.777492,40.477383
info [Wed Nov 08 2017 16:00:07 GMT-0500 (EST)]  236,-79.639319,43.403221,-79.639319,43.855401,-78.90582,43.855401,-78.90582,43.403221
info [Wed Nov 08 2017 16:00:07 GMT-0500 (EST)]  237,-79.76259,40.477383,-79.76259,45.015851,-71.777492,45.015851,-71.777492,40.477383
info [Wed Nov 08 2017 16:00:07 GMT-0500 (EST)]  238,-79.76259,40.477383,-79.76259,45.015851,-71.777492,45.015851,-71.777492,40.477383
info [Wed Nov 08 2017 16:00:08 GMT-0500 (EST)]  239,-79.76259,40.477383,-79.76259,45.015851,-71.777492,45.015851,-71.777492,40.477383
info [Wed Nov 08 2017 16:00:09 GMT-0500 (EST)]  240,-79.76259,40.477383,-79.76259,45.015851,-71.777492,45.015851,-71.777492,40.477383
info [Wed Nov 08 2017 16:00:09 GMT-0500 (EST)]  241,-79.76259,40.477383,-79.76259,45.015851,-71.777492,45.015851,-71.777492,40.477383
info [Wed Nov 08 2017 16:00:09 GMT-0500 (EST)]  242,-79.76259,40.477383,-79.76259,45.015851,-71.777492,45.015851,-71.777492,40.477383
info [Wed Nov 08 2017 16:00:10 GMT-0500 (EST)]  243,-79.76259,40.477383,-79.76259,45.015851,-71.777492,45.015851,-71.777492,40.477383
info [Wed Nov 08 2017 16:00:10 GMT-0500 (EST)]  244,-79.76259,40.477383,-79.76259,45.015851,-71.777492,45.015851,-71.777492,40.477383
info [Wed Nov 08 2017 16:00:10 GMT-0500 (EST)]  245,-79.76259,40.477383,-79.76259,45.015851,-71.777492,45.015851,-71.777492,40.477383
info [Wed Nov 08 2017 16:00:11 GMT-0500 (EST)]  246,-79.76259,40.477383,-79.76259,45.015851,-71.777492,45.015851,-71.777492,40.477383
info [Wed Nov 08 2017 16:00:12 GMT-0500 (EST)]  247,-79.76259,40.477383,-79.76259,45.015851,-71.777492,45.015851,-71.777492,40.477383
info [Wed Nov 08 2017 16:00:12 GMT-0500 (EST)]  248,-79.639319,43.403221,-79.639319,43.855401,-78.90582,43.855401,-78.90582,43.403221
info [Wed Nov 08 2017 16:00:12 GMT-0500 (EST)]  249,-79.76259,40.477383,-79.76259,45.015851,-71.777492,45.015851,-71.777492,40.477383
info [Wed Nov 08 2017 16:00:12 GMT-0500 (EST)]  250,-79.76259,40.477383,-79.76259,45.015851,-71.777492,45.015851,-71.777492,40.477383
info [Wed Nov 08 2017 16:00:13 GMT-0500 (EST)]  251,-79.76259,40.477383,-79.76259,45.015851,-71.777492,45.015851,-71.777492,40.477383
info [Wed Nov 08 2017 16:00:13 GMT-0500 (EST)]  252,-79.76259,40.477383,-79.76259,45.015851,-71.777492,45.015851,-71.777492,40.477383
info [Wed Nov 08 2017 16:00:13 GMT-0500 (EST)]  253,-79.76259,40.477383,-79.76259,45.015851,-71.777492,45.015851,-71.777492,40.477383
info [Wed Nov 08 2017 16:00:14 GMT-0500 (EST)]  254,-79.76259,40.477383,-79.76259,45.015851,-71.777492,45.015851,-71.777492,40.477383
info [Wed Nov 08 2017 16:00:14 GMT-0500 (EST)]  255,-79.76259,40.477383,-79.76259,45.015851,-71.777492,45.015851,-71.777492,40.477383
info [Wed Nov 08 2017 16:00:14 GMT-0500 (EST)]  256,-79.76259,40.477383,-79.76259,45.015851,-71.777492,45.015851,-71.777492,40.477383
info [Wed Nov 08 2017 16:00:15 GMT-0500 (EST)]  257,-79.76259,40.477383,-79.76259,45.015851,-71.777492,45.015851,-71.777492,40.477383
info [Wed Nov 08 2017 16:00:15 GMT-0500 (EST)]  258,-79.76259,40.477383,-79.76259,45.015851,-71.777492,45.015851,-71.777492,40.477383
info [Wed Nov 08 2017 16:00:16 GMT-0500 (EST)]  259,-79.76259,40.477383,-79.76259,45.015851,-71.777492,45.015851,-71.777492,40.477383
info [Wed Nov 08 2017 16:00:17 GMT-0500 (EST)]  260,-79.76259,40.477383,-79.76259,45.015851,-71.777492,45.015851,-71.777492,40.477383
info [Wed Nov 08 2017 16:00:19 GMT-0500 (EST)]  261,-79.639319,43.403221,-79.639319,43.855401,-78.90582,43.855401,-78.90582,43.403221
info [Wed Nov 08 2017 16:00:21 GMT-0500 (EST)]  262,-79.639319,43.403221,-79.639319,43.855401,-78.90582,43.855401,-78.90582,43.403221
info [Wed Nov 08 2017 16:00:25 GMT-0500 (EST)]  263,-79.639319,43.403221,-79.639319,43.855401,-78.90582,43.855401,-78.90582,43.403221
info [Wed Nov 08 2017 16:00:28 GMT-0500 (EST)]  264,-79.76259,40.477383,-79.76259,45.015851,-71.777492,45.015851,-71.777492,40.477383
info [Wed Nov 08 2017 16:00:28 GMT-0500 (EST)]  265,-79.639319,43.403221,-79.639319,43.855401,-78.90582,43.855401,-78.90582,43.403221
info [Wed Nov 08 2017 16:00:29 GMT-0500 (EST)]  266,-79.639319,43.403221,-79.639319,43.855401,-78.90582,43.855401,-78.90582,43.403221
info [Wed Nov 08 2017 16:00:29 GMT-0500 (EST)]  267,-79.76259,40.477383,-79.76259,45.015851,-71.777492,45.015851,-71.777492,40.477383
info [Wed Nov 08 2017 16:00:31 GMT-0500 (EST)]  268,-79.76259,40.477383,-79.76259,45.015851,-71.777492,45.015851,-71.777492,40.477383
info [Wed Nov 08 2017 16:00:35 GMT-0500 (EST)]  269,-79.639319,43.403221,-79.639319,43.855401,-78.90582,43.855401,-78.90582,43.403221
info [Wed Nov 08 2017 16:00:40 GMT-0500 (EST)]  270,-79.639319,43.403221,-79.639319,43.855401,-78.90582,43.855401,-78.90582,43.403221
info [Wed Nov 08 2017 16:00:41 GMT-0500 (EST)]  271,-79.639319,43.403221,-79.639319,43.855401,-78.90582,43.855401,-78.90582,43.403221
info [Wed Nov 08 2017 16:00:43 GMT-0500 (EST)]  272,-79.76259,40.477383,-79.76259,45.015851,-71.777492,45.015851,-71.777492,40.477383
info [Wed Nov 08 2017 16:00:46 GMT-0500 (EST)]  273,-79.639319,43.403221,-79.639319,43.855401,-78.90582,43.855401,-78.90582,43.403221
info [Wed Nov 08 2017 16:00:47 GMT-0500 (EST)]  274,-79.76259,40.477383,-79.76259,45.015851,-71.777492,45.015851,-71.777492,40.477383
info [Wed Nov 08 2017 16:00:47 GMT-0500 (EST)]  275,-79.639319,43.403221,-79.639319,43.855401,-78.90582,43.855401,-78.90582,43.403221
info [Wed Nov 08 2017 16:00:47 GMT-0500 (EST)]  276,-79.639319,43.403221,-79.639319,43.855401,-78.90582,43.855401,-78.90582,43.403221
info [Wed Nov 08 2017 16:00:49 GMT-0500 (EST)]  277,-79.711527,43.749761,-79.711527,43.924448,-79.420056,43.924448,-79.420056,43.749761
info [Wed Nov 08 2017 16:00:49 GMT-0500 (EST)]  278,-79.639319,43.403221,-79.639319,43.855401,-78.90582,43.855401,-78.90582,43.403221
info [Wed Nov 08 2017 16:00:49 GMT-0500 (EST)]  279,-79.639319,43.403221,-79.639319,43.855401,-78.90582,43.855401,-78.90582,43.403221
info [Wed Nov 08 2017 16:00:52 GMT-0500 (EST)]  280,-79.76259,40.477383,-79.76259,45.015851,-71.777492,45.015851,-71.777492,40.477383
info [Wed Nov 08 2017 16:00:52 GMT-0500 (EST)]  281,-79.639319,43.403221,-79.639319,43.855401,-78.90582,43.855401,-78.90582,43.403221
info [Wed Nov 08 2017 16:00:52 GMT-0500 (EST)]  282,-79.76259,40.477383,-79.76259,45.015851,-71.777492,45.015851,-71.777492,40.477383
info [Wed Nov 08 2017 16:00:54 GMT-0500 (EST)]  283,-79.76259,40.477383,-79.76259,45.015851,-71.777492,45.015851,-71.777492,40.477383
info [Wed Nov 08 2017 16:00:55 GMT-0500 (EST)]  284,-79.76259,40.477383,-79.76259,45.015851,-71.777492,45.015851,-71.777492,40.477383
info [Wed Nov 08 2017 16:00:55 GMT-0500 (EST)]  285,-79.639319,43.403221,-79.639319,43.855401,-78.90582,43.855401,-78.90582,43.403221
info [Wed Nov 08 2017 16:00:55 GMT-0500 (EST)]  286,-79.76259,40.477383,-79.76259,45.015851,-71.777492,45.015851,-71.777492,40.477383
info [Wed Nov 08 2017 16:00:58 GMT-0500 (EST)]  287,-79.76259,40.477383,-79.76259,45.015851,-71.777492,45.015851,-71.777492,40.477383
info [Wed Nov 08 2017 16:00:58 GMT-0500 (EST)]  288,-79.639319,43.403221,-79.639319,43.855401,-78.90582,43.855401,-78.90582,43.403221
info [Wed Nov 08 2017 16:01:02 GMT-0500 (EST)]  289,-79.639319,43.403221,-79.639319,43.855401,-78.90582,43.855401,-78.90582,43.403221
info [Wed Nov 08 2017 16:01:04 GMT-0500 (EST)]  290,-79.810142,43.373074,-79.810142,43.737414,-79.422004,43.737414,-79.422004,43.373074
info [Wed Nov 08 2017 16:01:05 GMT-0500 (EST)]  291,-79.639319,43.403221,-79.639319,43.855401,-78.90582,43.855401,-78.90582,43.403221
info [Wed Nov 08 2017 16:01:05 GMT-0500 (EST)]  292,-79.639319,43.403221,-79.639319,43.855401,-78.90582,43.855401,-78.90582,43.403221
info [Wed Nov 08 2017 16:01:06 GMT-0500 (EST)]  293,-79.639319,43.403221,-79.639319,43.855401,-78.90582,43.855401,-78.90582,43.403221
info [Wed Nov 08 2017 16:01:07 GMT-0500 (EST)]  294,-79.76259,40.477383,-79.76259,45.015851,-71.777492,45.015851,-71.777492,40.477383
info [Wed Nov 08 2017 16:01:08 GMT-0500 (EST)]  295,-79.639319,43.403221,-79.639319,43.855401,-78.90582,43.855401,-78.90582,43.403221
info [Wed Nov 08 2017 16:01:09 GMT-0500 (EST)]  296,-79.639319,43.403221,-79.639319,43.855401,-78.90582,43.855401,-78.90582,43.403221
info [Wed Nov 08 2017 16:01:10 GMT-0500 (EST)]  297,-79.810142,43.373074,-79.810142,43.737414,-79.422004,43.737414,-79.422004,43.373074
info [Wed Nov 08 2017 16:01:11 GMT-0500 (EST)]  298,-79.639319,43.403221,-79.639319,43.855401,-78.90582,43.855401,-78.90582,43.403221
info [Wed Nov 08 2017 16:01:11 GMT-0500 (EST)]  299,-141.561094,41.676329,-141.561094,89.9999,-51.053519,89.9999,-51.053519,41.676329
info [Wed Nov 08 2017 16:01:14 GMT-0500 (EST)]  300,-79.639319,43.403221,-79.639319,43.855401,-78.90582,43.855401,-78.90582,43.403221
info [Wed Nov 08 2017 16:01:18 GMT-0500 (EST)]  301,-79.639319,43.403221,-79.639319,43.855401,-78.90582,43.855401,-78.90582,43.403221
info [Wed Nov 08 2017 16:01:20 GMT-0500 (EST)]  302,-79.639319,43.403221,-79.639319,43.855401,-78.90582,43.855401,-78.90582,43.403221
info [Wed Nov 08 2017 16:01:24 GMT-0500 (EST)]  303,-79.76259,40.477383,-79.76259,45.015851,-71.777492,45.015851,-71.777492,40.477383
info [Wed Nov 08 2017 16:01:24 GMT-0500 (EST)]  304,-79.414884,43.634453,-79.414884,43.634453,-79.414884,43.634453,-79.414884,43.634453
info [Wed Nov 08 2017 16:01:27 GMT-0500 (EST)]  305,-79.76259,40.477383,-79.76259,45.015851,-71.777492,45.015851,-71.777492,40.477383
info [Wed Nov 08 2017 16:01:29 GMT-0500 (EST)]  306,-79.639319,43.403221,-79.639319,43.855401,-78.90582,43.855401,-78.90582,43.403221
info [Wed Nov 08 2017 16:01:34 GMT-0500 (EST)]  307,-79.810142,43.373074,-79.810142,43.737414,-79.422004,43.737414,-79.422004,43.373074
info [Wed Nov 08 2017 16:01:36 GMT-0500 (EST)]  308,-79.639319,43.403221,-79.639319,43.855401,-78.90582,43.855401,-78.90582,43.403221
info [Wed Nov 08 2017 16:01:36 GMT-0500 (EST)]  309,-79.76259,40.477383,-79.76259,45.015851,-71.777492,45.015851,-71.777492,40.477383

1,-79.76259,40.477383,-79.76259,45.015851,-71.777492,45.015851,-71.777492,40.4773832,-79.639319,43.403221,-79.639319,43.855401,-78.90582,43.855401,-78.90582,43.4032213,-79.639319,43.403221,-79.639319,43.855401,-78.90582,43.855401,-78.90582,43.4032214,-141.561094,41.676329,-141.561094,89.9999,-51.053519,89.9999,-51.053519,41.6763295,-79.639319,43.403221,-79.639319,43.855401,-78.90582,43.855401,-78.90582,43.4032216,-79.639319,43.403221,-79.639319,43.855401,-78.90582,43.855401,-78.90582,43.4032217,-79.639319,43.403221,-79.639319,43.855401,-78.90582,43.855401,-78.90582,43.4032218,-79.639319,43.403221,-79.639319,43.855401,-78.90582,43.855401,-78.90582,43.4032219,-79.711527,43.749761,-79.711527,43.924448,-79.420056,43.924448,-79.420056,43.749761
1,-79.639319,43.403221,-79.639319,43.855401,-78.90582,43.855401,-78.90582,43.4032212,-79.639319,43.403221,-79.639319,43.855401,-78.90582,43.855401,-78.90582,43.4032213,-79.888911,43.60222,-79.888911,43.847722,-79.630272,43.847722,-79.630272,43.602224,-79.639319,43.403221,-79.639319,43.855401,-78.90582,43.855401,-78.90582,43.4032215,-79.639319,43.403221,-79.639319,43.855401,-78.90582,43.855401,-78.90582,43.4032216,-79.810142,43.373074,-79.810142,43.737414,-79.422004,43.737414,-79.422004,43.3730747,-79.639319,43.403221,-79.639319,43.855401,-78.90582,43.855401,-78.90582,43.4032218,-79.810142,43.373074,-79.810142,43.737414,-79.422004,43.737414,-79.422004,43.3730749,-79.639319,43.403221,-79.639319,43.855401,-78.90582,43.855401,-78.90582,43.40322110,-79.76259,40.477383,-79.76259,45.015851,-71.777492,45.015851,-71.777492,40.47738311,-79.76259,40.477383,-79.76259,45.015851,-71.777492,45.015851,-71.777492,40.47738312,-79.639319,43.403221,-79.639319,43.855401,-78.90582,43.855401,-78.90582,43.40322113,-141.561094,41.676329,-141.561094,89.9999,-51.053519,89.9999,-51.053519,41.67632914,-79.810142,43.373074,-79.810142,43.737414,-79.422004,43.737414,-79.422004,43.37307415,-79.711527,43.749761,-79.711527,43.924448,-79.420056,43.924448,-79.420056,43.74976116,-79.76259,40.477383,-79.76259,45.015851,-71.777492,45.015851,-71.777492,40.47738317,-79.76259,40.477383,-79.76259,45.015851,-71.777492,45.015851,-71.777492,40.47738318,-79.76259,40.477383,-79.76259,45.015851,-71.777492,45.015851,-71.777492,40.47738319,-79.639319,43.403221,-79.639319,43.855401,-78.90582,43.855401,-78.90582,43.40322120,-79.639319,43.403221,-79.639319,43.855401,-78.90582,43.855401,-78.90582,43.40322121,-141.561094,41.676329,-141.561094,89.9999,-51.053519,89.9999,-51.053519,41.67632922,-79.76259,40.477383,-79.76259,45.015851,-71.777492,45.015851,-71.777492,40.47738323,-141.561094,41.676329,-141.561094,89.9999,-51.053519,89.9999,-51.053519,41.67632924,-79.639319,43.403221,-79.639319,43.855401,-78.90582,43.855401,-78.90582,43.40322125,-79.639319,43.403221,-79.639319,43.855401,-78.90582,43.855401,-78.90582,43.40322126,-79.76259,40.477383,-79.76259,45.015851,-71.777492,45.015851,-71.777492,40.47738327,-79.639319,43.403221,-79.639319,43.855401,-78.90582,43.855401,-78.90582,43.40322128,-79.639319,43.403221,-79.639319,43.855401,-78.90582,43.855401,-78.90582,43.40322129,-79.810142,43.373074,-79.810142,43.737414,-79.422004,43.737414,-79.422004,43.37307430,-79.76259,40.477383,-79.76259,45.015851,-71.777492,45.015851,-71.777492,40.47738331,-79.639319,43.403221,-79.639319,43.855401,-78.90582,43.855401,-78.90582,43.40322132,-79.76259,40.477383,-79.76259,45.015851,-71.777492,45.015851,-71.777492,40.47738333,-79.639319,43.403221,-79.639319,43.855401,-78.90582,43.855401,-78.90582,43.40322134,-79.810142,43.373074,-79.810142,43.737414,-79.422004,43.737414,-79.422004,43.37307435,-79.76259,40.477383,-79.76259,45.015851,-71.777492,45.015851,-71.777492,40.47738336,-79.639319,43.403221,-79.639319,43.855401,-78.90582,43.855401,-78.90582,43.40322137,-79.711527,43.749761,-79.711527,43.924448,-79.420056,43.924448,-79.420056,43.74976138,-79.639319,43.403221,-79.639319,43.855401,-78.90582,43.855401,-78.90582,43.40322139,-79.76259,40.477383,-79.76259,45.015851,-71.777492,45.015851,-71.777492,40.47738340,-79.810142,43.373074,-79.810142,43.737414,-79.422004,43.737414,-79.422004,43.37307441,-79.76259,40.477383,-79.76259,45.015851,-71.777492,45.015851,-71.777492,40.47738342,-79.76259,40.477383,-79.76259,45.015851,-71.777492,45.015851,-71.777492,40.47738343,-79.76259,40.477383,-79.76259,45.015851,-71.777492,45.015851,-71.777492,40.47738344,-79.711527,43.749761,-79.711527,43.924448,-79.420056,43.924448,-79.420056,43.74976145,-79.888911,43.60222,-79.888911,43.847722,-79.630272,43.847722,-79.630272,43.6022246,-79.76259,40.477383,-79.76259,45.015851,-71.777492,45.015851,-71.777492,40.47738347,-79.76259,40.477383,-79.76259,45.015851,-71.777492,45.015851,-71.777492,40.47738348,-79.711527,43.749761,-79.711527,43.924448,-79.420056,43.924448,-79.420056,43.74976149,-79.639319,43.403221,-79.639319,43.855401,-78.90582,43.855401,-78.90582,43.40322150,-79.639319,43.403221,-79.639319,43.855401,-78.90582,43.855401,-78.90582,43.40322151,-79.76259,40.477383,-79.76259,45.015851,-71.777492,45.015851,-71.777492,40.47738352,-79.810142,43.373074,-79.810142,43.737414,-79.422004,43.737414,-79.422004,43.37307453,-79.76259,40.477383,-79.76259,45.015851,-71.777492,45.015851,-71.777492,40.47738354,-79.76259,40.477383,-79.76259,45.015851,-71.777492,45.015851,-71.777492,40.47738355,-79.429128,43.798004,-79.429128,43.963385,-79.170217,43.963385,-79.170217,43.79800456,-79.639319,43.403221,-79.639319,43.855401,-78.90582,43.855401,-78.90582,43.40322157,-79.639319,43.403221,-79.639319,43.855401,-78.90582,43.855401,-78.90582,43.40322158,-79.639319,43.403221,-79.639319,43.855401,-78.90582,43.855401,-78.90582,43.40322159,-79.639319,43.403221,-79.639319,43.855401,-78.90582,43.855401,-78.90582,43.40322160,-79.76259,40.477383,-79.76259,45.015851,-71.777492,45.015851,-71.777492,40.47738361,-79.639319,43.403221,-79.639319,43.855401,-78.90582,43.855401,-78.90582,43.40322162,-79.76259,40.477383,-79.76259,45.015851,-71.777492,45.015851,-71.777492,40.47738363,-79.76259,40.477383,-79.76259,45.015851,-71.777492,45.015851,-71.777492,40.47738364,-79.639319,43.403221,-79.639319,43.855401,-78.90582,43.855401,-78.90582,43.40322165,-79.639319,43.403221,-79.639319,43.855401,-78.90582,43.855401,-78.90582,43.40322166,-79.810142,43.373074,-79.810142,43.737414,-79.422004,43.737414,-79.422004,43.37307467,-79.639319,43.403221,-79.639319,43.855401,-78.90582,43.855401,-78.90582,43.40322168,-79.888911,43.60222,-79.888911,43.847722,-79.630272,43.847722,-79.630272,43.6022269,-79.76259,40.477383,-79.76259,45.015851,-71.777492,45.015851,-71.777492,40.47738370,-79.76259,40.477383,-79.76259,45.015851,-71.777492,45.015851,-71.777492,40.47738371,-79.76259,40.477383,-79.76259,45.015851,-71.777492,45.015851,-71.777492,40.47738372,-79.639319,43.403221,-79.639319,43.855401,-78.90582,43.855401,-78.90582,43.40322173,-79.639319,43.403221,-79.639319,43.855401,-78.90582,43.855401,-78.90582,43.40322174,-79.76259,40.477383,-79.76259,45.015851,-71.777492,45.015851,-71.777492,40.47738375,-79.429128,43.798004,-79.429128,43.963385,-79.170217,43.963385,-79.170217,43.79800476,-79.639319,43.403221,-79.639319,43.855401,-78.90582,43.855401,-78.90582,43.40322177,-79.810142,43.373074,-79.810142,43.737414,-79.422004,43.737414,-79.422004,43.37307478,-79.639319,43.403221,-79.639319,43.855401,-78.90582,43.855401,-78.90582,43.40322179,-79.711527,43.749761,-79.711527,43.924448,-79.420056,43.924448,-79.420056,43.74976180,-79.810142,43.373074,-79.810142,43.737414,-79.422004,43.737414,-79.422004,43.37307481,-79.76259,40.477383,-79.76259,45.015851,-71.777492,45.015851,-71.777492,40.47738382,-79.639319,43.403221,-79.639319,43.855401,-78.90582,43.855401,-78.90582,43.40322183,-79.639319,43.403221,-79.639319,43.855401,-78.90582,43.855401,-78.90582,43.40322184,-79.639319,43.403221,-79.639319,43.855401,-78.90582,43.855401,-78.90582,43.40322185,-79.639319,43.403221,-79.639319,43.855401,-78.90582,43.855401,-78.90582,43.40322186,-79.76259,40.477383,-79.76259,45.015851,-71.777492,45.015851,-71.777492,40.47738387,-79.76259,40.477383,-79.76259,45.015851,-71.777492,45.015851,-71.777492,40.47738388,-79.639319,43.403221,-79.639319,43.855401,-78.90582,43.855401,-78.90582,43.40322189,-79.639319,43.403221,-79.639319,43.855401,-78.90582,43.855401,-78.90582,43.40322190,-79.810142,43.373074,-79.810142,43.737414,-79.422004,43.737414,-79.422004,43.37307491,-79.76259,40.477383,-79.76259,45.015851,-71.777492,45.015851,-71.777492,40.47738392,-141.561094,41.676329,-141.561094,89.9999,-51.053519,89.9999,-51.053519,41.67632993,-79.76259,40.477383,-79.76259,45.015851,-71.777492,45.015851,-71.777492,40.47738394,-79.810142,43.373074,-79.810142,43.737414,-79.422004,43.737414,-79.422004,43.37307495,-79.76259,40.477383,-79.76259,45.015851,-71.777492,45.015851,-71.777492,40.47738396,-79.485633,43.829311,-79.485633,43.977707,-79.371118,43.977707,-79.371118,43.82931197,-79.76259,40.477383,-79.76259,45.015851,-71.777492,45.015851,-71.777492,40.47738398,-79.379171,43.643413,-79.379171,43.643413,-79.379171,43.643413,-79.379171,43.64341399,-141.561094,41.676329,-141.561094,89.9999,-51.053519,89.9999,-51.053519,41.676329100,-79.639319,43.403221,-79.639319,43.855401,-78.90582,43.855401,-78.90582,43.403221101,-79.76259,40.477383,-79.76259,45.015851,-71.777492,45.015851,-71.777492,40.477383102,-141.561094,41.676329,-141.561094,89.9999,-51.053519,89.9999,-51.053519,41.676329103,-79.810142,43.373074,-79.810142,43.737414,-79.422004,43.737414,-79.422004,43.373074104,-79.639319,43.403221,-79.639319,43.855401,-78.90582,43.855401,-78.90582,43.403221105,-79.639319,43.403221,-79.639319,43.855401,-78.90582,43.855401,-78.90582,43.403221106,-79.639319,43.403221,-79.639319,43.855401,-78.90582,43.855401,-78.90582,43.403221107,-79.76259,40.477383,-79.76259,45.015851,-71.777492,45.015851,-71.777492,40.477383108,-79.639319,43.403221,-79.639319,43.855401,-78.90582,43.855401,-78.90582,43.403221109,-79.220024,43.554887,-79.220024,44.01077,-78.852434,44.01077,-78.852434,43.554887110,-79.639319,43.403221,-79.639319,43.855401,-78.90582,43.855401,-78.90582,43.403221111,-79.810142,43.373074,-79.810142,43.737414,-79.422004,43.737414,-79.422004,43.373074112,-79.639319,43.403221,-79.639319,43.855401,-78.90582,43.855401,-78.90582,43.403221113,-79.76259,40.477383,-79.76259,45.015851,-71.777492,45.015851,-71.777492,40.477383114,-79.639319,43.403221,-79.639319,43.855401,-78.90582,43.855401,-78.90582,43.403221115,-79.76259,40.477383,-79.76259,45.015851,-71.777492,45.015851,-71.777492,40.477383116,-141.561094,41.676329,-141.561094,89.9999,-51.053519,89.9999,-51.053519,41.676329117,-79.76259,40.477383,-79.76259,45.015851,-71.777492,45.015851,-71.777492,40.477383118,-79.76259,40.477383,-79.76259,45.015851,-71.777492,45.015851,-71.777492,40.477383119,-79.639319,43.403221,-79.639319,43.855401,-78.90582,43.855401,-78.90582,43.403221120,-79.639319,43.403221,-79.639319,43.855401,-78.90582,43.855401,-78.90582,43.403221121,-79.76259,40.477383,-79.76259,45.015851,-71.777492,45.015851,-71.777492,40.477383122,-79.639319,43.403221,-79.639319,43.855401,-78.90582,43.855401,-78.90582,43.403221123,-79.639319,43.403221,-79.639319,43.855401,-78.90582,43.855401,-78.90582,43.403221124,-79.639319,43.403221,-79.639319,43.855401,-78.90582,43.855401,-78.90582,43.403221125,-79.639319,43.403221,-79.639319,43.855401,-78.90582,43.855401,-78.90582,43.403221126,-79.76259,40.477383,-79.76259,45.015851,-71.777492,45.015851,-71.777492,40.477383127,-79.639319,43.403221,-79.639319,43.855401,-78.90582,43.855401,-78.90582,43.403221128,-79.639319,43.403221,-79.639319,43.855401,-78.90582,43.855401,-78.90582,43.403221129,-79.639319,43.403221,-79.639319,43.855401,-78.90582,43.855401,-78.90582,43.403221130,-79.76259,40.477383,-79.76259,45.015851,-71.777492,45.015851,-71.777492,40.477383131,-79.888911,43.60222,-79.888911,43.847722,-79.630272,43.847722,-79.630272,43.60222132,-79.639319,43.403221,-79.639319,43.855401,-78.90582,43.855401,-78.90582,43.403221133,-79.639319,43.403221,-79.639319,43.855401,-78.90582,43.855401,-78.90582,43.403221134,-79.639319,43.403221,-79.639319,43.855401,-78.90582,43.855401,-78.90582,43.403221135,-79.639319,43.403221,-79.639319,43.855401,-78.90582,43.855401,-78.90582,43.403221136,-79.76259,40.477383,-79.76259,45.015851,-71.777492,45.015851,-71.777492,40.477383137,-79.76259,40.477383,-79.76259,45.015851,-71.777492,45.015851,-71.777492,40.477383138,-79.639319,43.403221,-79.639319,43.855401,-78.90582,43.855401,-78.90582,43.403221139,-79.639319,43.403221,-79.639319,43.855401,-78.90582,43.855401,-78.90582,43.403221140,-79.639319,43.403221,-79.639319,43.855401,-78.90582,43.855401,-78.90582,43.403221141,-79.639319,43.403221,-79.639319,43.855401,-78.90582,43.855401,-78.90582,43.403221142,-79.639319,43.403221,-79.639319,43.855401,-78.90582,43.855401,-78.90582,43.403221143,-79.639319,43.403221,-79.639319,43.855401,-78.90582,43.855401,-78.90582,43.403221144,-79.76259,40.477383,-79.76259,45.015851,-71.777492,45.015851,-71.777492,40.477383145,-79.639319,43.403221,-79.639319,43.855401,-78.90582,43.855401,-78.90582,43.403221146,-79.76259,40.477383,-79.76259,45.015851,-71.777492,45.015851,-71.777492,40.477383147,-79.639319,43.403221,-79.639319,43.855401,-78.90582,43.855401,-78.90582,43.403221148,-79.888911,43.60222,-79.888911,43.847722,-79.630272,43.847722,-79.630272,43.60222149,-79.639319,43.403221,-79.639319,43.855401,-78.90582,43.855401,-78.90582,43.403221150,-79.639319,43.403221,-79.639319,43.855401,-78.90582,43.855401,-78.90582,43.403221151,-79.76259,40.477383,-79.76259,45.015851,-71.777492,45.015851,-71.777492,40.477383152,-79.76259,40.477383,-79.76259,45.015851,-71.777492,45.015851,-71.777492,40.477383153,-79.888911,43.60222,-79.888911,43.847722,-79.630272,43.847722,-79.630272,43.60222154,-79.888911,43.60222,-79.888911,43.847722,-79.630272,43.847722,-79.630272,43.60222155,-79.810142,43.373074,-79.810142,43.737414,-79.422004,43.737414,-79.422004,43.373074156,-79.639319,43.403221,-79.639319,43.855401,-78.90582,43.855401,-78.90582,43.403221157,-79.639319,43.403221,-79.639319,43.855401,-78.90582,43.855401,-78.90582,43.403221158,-79.639319,43.403221,-79.639319,43.855401,-78.90582,43.855401,-78.90582,43.403221159,-79.639319,43.403221,-79.639319,43.855401,-78.90582,43.855401,-78.90582,43.403221160,-79.220024,43.554887,-79.220024,44.01077,-78.852434,44.01077,-78.852434,43.554887161,-79.76259,40.477383,-79.76259,45.015851,-71.777492,45.015851,-71.777492,40.477383162,-79.76259,40.477383,-79.76259,45.015851,-71.777492,45.015851,-71.777492,40.477383163,-79.639319,43.403221,-79.639319,43.855401,-78.90582,43.855401,-78.90582,43.403221164,-79.639319,43.403221,-79.639319,43.855401,-78.90582,43.855401,-78.90582,43.403221165,-79.639319,43.403221,-79.639319,43.855401,-78.90582,43.855401,-78.90582,43.403221166,-79.76259,40.477383,-79.76259,45.015851,-71.777492,45.015851,-71.777492,40.477383167,-79.76259,40.477383,-79.76259,45.015851,-71.777492,45.015851,-71.777492,40.477383168,-79.639319,43.403221,-79.639319,43.855401,-78.90582,43.855401,-78.90582,43.403221169,-79.639319,43.403221,-79.639319,43.855401,-78.90582,43.855401,-78.90582,43.403221170,-79.639319,43.403221,-79.639319,43.855401,-78.90582,43.855401,-78.90582,43.403221171,-141.561094,41.676329,-141.561094,89.9999,-51.053519,89.9999,-51.053519,41.676329172,-79.76259,40.477383,-79.76259,45.015851,-71.777492,45.015851,-71.777492,40.477383173,-79.639319,43.403221,-79.639319,43.855401,-78.90582,43.855401,-78.90582,43.403221174,-79.639319,43.403221,-79.639319,43.855401,-78.90582,43.855401,-78.90582,43.403221175,-79.639319,43.403221,-79.639319,43.855401,-78.90582,43.855401,-78.90582,43.403221176,-79.76259,40.477383,-79.76259,45.015851,-71.777492,45.015851,-71.777492,40.477383177,-79.888911,43.60222,-79.888911,43.847722,-79.630272,43.847722,-79.630272,43.60222178,-79.76259,40.477383,-79.76259,45.015851,-71.777492,45.015851,-71.777492,40.477383179,-79.639319,43.403221,-79.639319,43.855401,-78.90582,43.855401,-78.90582,43.403221180,-79.639319,43.403221,-79.639319,43.855401,-78.90582,43.855401,-78.90582,43.403221181,-79.888911,43.60222,-79.888911,43.847722,-79.630272,43.847722,-79.630272,43.60222182,-79.639319,43.403221,-79.639319,43.855401,-78.90582,43.855401,-78.90582,43.403221183,-79.76259,40.477383,-79.76259,45.015851,-71.777492,45.015851,-71.777492,40.477383184,-79.639319,43.403221,-79.639319,43.855401,-78.90582,43.855401,-78.90582,43.403221185,-79.76259,40.477383,-79.76259,45.015851,-71.777492,45.015851,-71.777492,40.477383186,-79.639319,43.403221,-79.639319,43.855401,-78.90582,43.855401,-78.90582,43.403221187,-79.711527,43.749761,-79.711527,43.924448,-79.420056,43.924448,-79.420056,43.749761188,-79.639319,43.403221,-79.639319,43.855401,-78.90582,43.855401,-78.90582,43.403221189,-79.639319,43.403221,-79.639319,43.855401,-78.90582,43.855401,-78.90582,43.403221190,-79.639319,43.403221,-79.639319,43.855401,-78.90582,43.855401,-78.90582,43.403221191,-79.76259,40.477383,-79.76259,45.015851,-71.777492,45.015851,-71.777492,40.477383192,-79.639319,43.403221,-79.639319,43.855401,-78.90582,43.855401,-78.90582,43.403221193,-79.639319,43.403221,-79.639319,43.855401,-78.90582,43.855401,-78.90582,43.403221194,-79.639319,43.403221,-79.639319,43.855401,-78.90582,43.855401,-78.90582,43.403221195,-79.485633,43.829311,-79.485633,43.977707,-79.371118,43.977707,-79.371118,43.829311196,-79.639319,43.403221,-79.639319,43.855401,-78.90582,43.855401,-78.90582,43.403221197,-79.639319,43.403221,-79.639319,43.855401,-78.90582,43.855401,-78.90582,43.403221198,-141.561094,41.676329,-141.561094,89.9999,-51.053519,89.9999,-51.053519,41.676329199,-79.888911,43.60222,-79.888911,43.847722,-79.630272,43.847722,-79.630272,43.60222200,-79.639319,43.403221,-79.639319,43.855401,-78.90582,43.855401,-78.90582,43.403221201,-79.810142,43.373074,-79.810142,43.737414,-79.422004,43.737414,-79.422004,43.373074202,-79.485633,43.829311,-79.485633,43.977707,-79.371118,43.977707,-79.371118,43.829311203,-79.76259,40.477383,-79.76259,45.015851,-71.777492,45.015851,-71.777492,40.477383204,-79.76259,40.477383,-79.76259,45.015851,-71.777492,45.015851,-71.777492,40.477383205,-79.639319,43.403221,-79.639319,43.855401,-78.90582,43.855401,-78.90582,43.403221206,-79.711527,43.749761,-79.711527,43.924448,-79.420056,43.924448,-79.420056,43.749761207,-79.639319,43.403221,-79.639319,43.855401,-78.90582,43.855401,-78.90582,43.403221208,-141.561094,41.676329,-141.561094,89.9999,-51.053519,89.9999,-51.053519,41.676329
1,-79.639319,43.403221,-79.639319,43.855401,-78.90582,43.855401,-78.90582,43.4032212,-79.888911,43.60222,-79.888911,43.847722,-79.630272,43.847722,-79.630272,43.602223,-79.639319,43.403221,-79.639319,43.855401,-78.90582,43.855401,-78.90582,43.4032214,-79.76259,40.477383,-79.76259,45.015851,-71.777492,45.015851,-71.777492,40.4773835,-79.76259,40.477383,-79.76259,45.015851,-71.777492,45.015851,-71.777492,40.4773836,-79.76259,40.477383,-79.76259,45.015851,-71.777492,45.015851,-71.777492,40.4773837,-79.639319,43.403221,-79.639319,43.855401,-78.90582,43.855401,-78.90582,43.4032218,-79.76259,40.477383,-79.76259,45.015851,-71.777492,45.015851,-71.777492,40.4773839,-79.439602,43.678807,-79.439602,43.678807,-79.439602,43.678807,-79.439602,43.67880710,-79.639319,43.403221,-79.639319,43.855401,-78.90582,43.855401,-78.90582,43.40322111,-79.76259,40.477383,-79.76259,45.015851,-71.777492,45.015851,-71.777492,40.47738312,-79.76259,40.477383,-79.76259,45.015851,-71.777492,45.015851,-71.777492,40.47738313,-79.639319,43.403221,-79.639319,43.855401,-78.90582,43.855401,-78.90582,43.40322114,-79.76259,40.477383,-79.76259,45.015851,-71.777492,45.015851,-71.777492,40.47738315,-79.76259,40.477383,-79.76259,45.015851,-71.777492,45.015851,-71.777492,40.47738316,-79.76259,40.477383,-79.76259,45.015851,-71.777492,45.015851,-71.777492,40.47738317,-79.810142,43.373074,-79.810142,43.737414,-79.422004,43.737414,-79.422004,43.37307418,-79.639319,43.403221,-79.639319,43.855401,-78.90582,43.855401,-78.90582,43.40322119,-79.639319,43.403221,-79.639319,43.855401,-78.90582,43.855401,-78.90582,43.40322120,-79.76259,40.477383,-79.76259,45.015851,-71.777492,45.015851,-71.777492,40.47738321,-79.639319,43.403221,-79.639319,43.855401,-78.90582,43.855401,-78.90582,43.40322122,-79.76259,40.477383,-79.76259,45.015851,-71.777492,45.015851,-71.777492,40.47738323,-79.639319,43.403221,-79.639319,43.855401,-78.90582,43.855401,-78.90582,43.40322124,-79.639319,43.403221,-79.639319,43.855401,-78.90582,43.855401,-78.90582,43.40322125,-79.639319,43.403221,-79.639319,43.855401,-78.90582,43.855401,-78.90582,43.40322126,-79.639319,43.403221,-79.639319,43.855401,-78.90582,43.855401,-78.90582,43.40322127,-79.76259,40.477383,-79.76259,45.015851,-71.777492,45.015851,-71.777492,40.47738328,-79.639319,43.403221,-79.639319,43.855401,-78.90582,43.855401,-78.90582,43.40322129,-79.639319,43.403221,-79.639319,43.855401,-78.90582,43.855401,-78.90582,43.40322130,-79.639319,43.403221,-79.639319,43.855401,-78.90582,43.855401,-78.90582,43.40322131,-79.639319,43.403221,-79.639319,43.855401,-78.90582,43.855401,-78.90582,43.40322132,-79.639319,43.403221,-79.639319,43.855401,-78.90582,43.855401,-78.90582,43.40322133,-79.639319,43.403221,-79.639319,43.855401,-78.90582,43.855401,-78.90582,43.40322134,-79.639319,43.403221,-79.639319,43.855401,-78.90582,43.855401,-78.90582,43.40322135,-79.639319,43.403221,-79.639319,43.855401,-78.90582,43.855401,-78.90582,43.40322136,-79.639319,43.403221,-79.639319,43.855401,-78.90582,43.855401,-78.90582,43.40322137,-79.639319,43.403221,-79.639319,43.855401,-78.90582,43.855401,-78.90582,43.40322138,-79.76259,40.477383,-79.76259,45.015851,-71.777492,45.015851,-71.777492,40.47738339,-79.639319,43.403221,-79.639319,43.855401,-78.90582,43.855401,-78.90582,43.40322140,-79.639319,43.403221,-79.639319,43.855401,-78.90582,43.855401,-78.90582,43.40322141,-79.639319,43.403221,-79.639319,43.855401,-78.90582,43.855401,-78.90582,43.40322142,-79.639319,43.403221,-79.639319,43.855401,-78.90582,43.855401,-78.90582,43.40322143,-79.76259,40.477383,-79.76259,45.015851,-71.777492,45.015851,-71.777492,40.47738344,-79.639319,43.403221,-79.639319,43.855401,-78.90582,43.855401,-78.90582,43.40322145,-79.639319,43.403221,-79.639319,43.855401,-78.90582,43.855401,-78.90582,43.40322146,-79.810142,43.373074,-79.810142,43.737414,-79.422004,43.737414,-79.422004,43.37307447,-79.76259,40.477383,-79.76259,45.015851,-71.777492,45.015851,-71.777492,40.47738348,-79.76259,40.477383,-79.76259,45.015851,-71.777492,45.015851,-71.777492,40.47738349,-79.76259,40.477383,-79.76259,45.015851,-71.777492,45.015851,-71.777492,40.47738350,-79.639319,43.403221,-79.639319,43.855401,-78.90582,43.855401,-78.90582,43.40322151,-79.639319,43.403221,-79.639319,43.855401,-78.90582,43.855401,-78.90582,43.40322152,-79.639319,43.403221,-79.639319,43.855401,-78.90582,43.855401,-78.90582,43.40322153,-79.76259,40.477383,-79.76259,45.015851,-71.777492,45.015851,-71.777492,40.47738354,-79.76259,40.477383,-79.76259,45.015851,-71.777492,45.015851,-71.777492,40.47738355,-79.639319,43.403221,-79.639319,43.855401,-78.90582,43.855401,-78.90582,43.40322156,-79.810142,43.373074,-79.810142,43.737414,-79.422004,43.737414,-79.422004,43.37307457,-79.639319,43.403221,-79.639319,43.855401,-78.90582,43.855401,-78.90582,43.40322158,-79.76259,40.477383,-79.76259,45.015851,-71.777492,45.015851,-71.777492,40.47738359,-79.76259,40.477383,-79.76259,45.015851,-71.777492,45.015851,-71.777492,40.47738360,-79.76259,40.477383,-79.76259,45.015851,-71.777492,45.015851,-71.777492,40.47738361,-79.76259,40.477383,-79.76259,45.015851,-71.777492,45.015851,-71.777492,40.47738362,-79.639319,43.403221,-79.639319,43.855401,-78.90582,43.855401,-78.90582,43.40322163,-141.561094,41.676329,-141.561094,89.9999,-51.053519,89.9999,-51.053519,41.67632964,-79.639319,43.403221,-79.639319,43.855401,-78.90582,43.855401,-78.90582,43.40322165,-79.76259,40.477383,-79.76259,45.015851,-71.777492,45.015851,-71.777492,40.47738366,-79.76259,40.477383,-79.76259,45.015851,-71.777492,45.015851,-71.777492,40.47738367,-79.76259,40.477383,-79.76259,45.015851,-71.777492,45.015851,-71.777492,40.47738368,-79.639319,43.403221,-79.639319,43.855401,-78.90582,43.855401,-78.90582,43.40322169,-79.639319,43.403221,-79.639319,43.855401,-78.90582,43.855401,-78.90582,43.40322170,-141.561094,41.676329,-141.561094,89.9999,-51.053519,89.9999,-51.053519,41.67632971,-79.888911,43.60222,-79.888911,43.847722,-79.630272,43.847722,-79.630272,43.6022272,-79.810142,43.373074,-79.810142,43.737414,-79.422004,43.737414,-79.422004,43.37307473,-79.639319,43.403221,-79.639319,43.855401,-78.90582,43.855401,-78.90582,43.40322174,-79.357031,43.676287,-79.357031,43.676287,-79.357031,43.676287,-79.357031,43.67628775,-79.76259,40.477383,-79.76259,45.015851,-71.777492,45.015851,-71.777492,40.47738376,-79.639319,43.403221,-79.639319,43.855401,-78.90582,43.855401,-78.90582,43.40322177,-79.639319,43.403221,-79.639319,43.855401,-78.90582,43.855401,-78.90582,43.40322178,-79.76259,40.477383,-79.76259,45.015851,-71.777492,45.015851,-71.777492,40.47738379,-79.76259,40.477383,-79.76259,45.015851,-71.777492,45.015851,-71.777492,40.47738380,-79.76259,40.477383,-79.76259,45.015851,-71.777492,45.015851,-71.777492,40.47738381,-79.639319,43.403221,-79.639319,43.855401,-78.90582,43.855401,-78.90582,43.403221
1,-79.76259,40.477383,-79.76259,45.015851,-71.777492,45.015851,-71.777492,40.4773832,-79.639319,43.403221,-79.639319,43.855401,-78.90582,43.855401,-78.90582,43.4032213,-79.810142,43.373074,-79.810142,43.737414,-79.422004,43.737414,-79.422004,43.3730744,-79.639319,43.403221,-79.639319,43.855401,-78.90582,43.855401,-78.90582,43.4032215,-79.639319,43.403221,-79.639319,43.855401,-78.90582,43.855401,-78.90582,43.4032216,-79.639319,43.403221,-79.639319,43.855401,-78.90582,43.855401,-78.90582,43.4032217,-79.888911,43.60222,-79.888911,43.847722,-79.630272,43.847722,-79.630272,43.602228,-79.639319,43.403221,-79.639319,43.855401,-78.90582,43.855401,-78.90582,43.4032219,-79.76259,40.477383,-79.76259,45.015851,-71.777492,45.015851,-71.777492,40.47738310,-79.639319,43.403221,-79.639319,43.855401,-78.90582,43.855401,-78.90582,43.40322111,-79.76259,40.477383,-79.76259,45.015851,-71.777492,45.015851,-71.777492,40.47738312,-79.810142,43.373074,-79.810142,43.737414,-79.422004,43.737414,-79.422004,43.37307413,-141.561094,41.676329,-141.561094,89.9999,-51.053519,89.9999,-51.053519,41.67632914,-79.810142,43.373074,-79.810142,43.737414,-79.422004,43.737414,-79.422004,43.37307415,-79.76259,40.477383,-79.76259,45.015851,-71.777492,45.015851,-71.777492,40.47738316,-79.810142,43.373074,-79.810142,43.737414,-79.422004,43.737414,-79.422004,43.37307417,-79.810142,43.373074,-79.810142,43.737414,-79.422004,43.737414,-79.422004,43.37307418,-79.639319,43.403221,-79.639319,43.855401,-78.90582,43.855401,-78.90582,43.40322119,-79.810142,43.373074,-79.810142,43.737414,-79.422004,43.737414,-79.422004,43.37307420,-79.639319,43.403221,-79.639319,43.855401,-78.90582,43.855401,-78.90582,43.40322121,-141.561094,41.676329,-141.561094,89.9999,-51.053519,89.9999,-51.053519,41.67632922,-79.76259,40.477383,-79.76259,45.015851,-71.777492,45.015851,-71.777492,40.47738323,-79.639319,43.403221,-79.639319,43.855401,-78.90582,43.855401,-78.90582,43.40322124,-79.429128,43.798004,-79.429128,43.963385,-79.170217,43.963385,-79.170217,43.79800425,-79.711527,43.749761,-79.711527,43.924448,-79.420056,43.924448,-79.420056,43.74976126,-79.76259,40.477383,-79.76259,45.015851,-71.777492,45.015851,-71.777492,40.47738327,-79.711527,43.749761,-79.711527,43.924448,-79.420056,43.924448,-79.420056,43.74976128,-79.76259,40.477383,-79.76259,45.015851,-71.777492,45.015851,-71.777492,40.47738329,-141.561094,41.676329,-141.561094,89.9999,-51.053519,89.9999,-51.053519,41.67632930,-79.639319,43.403221,-79.639319,43.855401,-78.90582,43.855401,-78.90582,43.40322131,-79.429128,43.798004,-79.429128,43.963385,-79.170217,43.963385,-79.170217,43.79800432,-79.76259,40.477383,-79.76259,45.015851,-71.777492,45.015851,-71.777492,40.47738333,-79.810142,43.373074,-79.810142,43.737414,-79.422004,43.737414,-79.422004,43.37307434,-79.639319,43.403221,-79.639319,43.855401,-78.90582,43.855401,-78.90582,43.40322135,-79.639319,43.403221,-79.639319,43.855401,-78.90582,43.855401,-78.90582,43.40322136,-79.639319,43.403221,-79.639319,43.855401,-78.90582,43.855401,-78.90582,43.40322137,-79.76259,40.477383,-79.76259,45.015851,-71.777492,45.015851,-71.777492,40.47738338,-79.76259,40.477383,-79.76259,45.015851,-71.777492,45.015851,-71.777492,40.47738339,-79.888911,43.60222,-79.888911,43.847722,-79.630272,43.847722,-79.630272,43.6022240,-79.639319,43.403221,-79.639319,43.855401,-78.90582,43.855401,-78.90582,43.40322141,-79.639319,43.403221,-79.639319,43.855401,-78.90582,43.855401,-78.90582,43.40322142,-141.561094,41.676329,-141.561094,89.9999,-51.053519,89.9999,-51.053519,41.67632943,-79.639319,43.403221,-79.639319,43.855401,-78.90582,43.855401,-78.90582,43.40322144,-79.76259,40.477383,-79.76259,45.015851,-71.777492,45.015851,-71.777492,40.47738345,-79.810142,43.373074,-79.810142,43.737414,-79.422004,43.737414,-79.422004,43.37307446,-141.561094,41.676329,-141.561094,89.9999,-51.053519,89.9999,-51.053519,41.67632947,-79.76259,40.477383,-79.76259,45.015851,-71.777492,45.015851,-71.777492,40.47738348,-79.888911,43.60222,-79.888911,43.847722,-79.630272,43.847722,-79.630272,43.6022249,-79.76259,40.477383,-79.76259,45.015851,-71.777492,45.015851,-71.777492,40.47738350,-79.76259,40.477383,-79.76259,45.015851,-71.777492,45.015851,-71.777492,40.47738351,-79.639319,43.403221,-79.639319,43.855401,-78.90582,43.855401,-78.90582,43.403221
info [Wed Nov 08 2017 23:00:01 GMT-0500 (EST)]  1,-79.639319,43.403221,-79.639319,43.855401,-78.90582,43.855401,-78.90582,43.403221
info [Wed Nov 08 2017 23:00:02 GMT-0500 (EST)]  2,-79.639319,43.403221,-79.639319,43.855401,-78.90582,43.855401,-78.90582,43.403221
info [Wed Nov 08 2017 23:00:03 GMT-0500 (EST)]  3,-79.639319,43.403221,-79.639319,43.855401,-78.90582,43.855401,-78.90582,43.403221
info [Wed Nov 08 2017 23:00:06 GMT-0500 (EST)]  4,-79.76259,40.477383,-79.76259,45.015851,-71.777492,45.015851,-71.777492,40.477383
info [Wed Nov 08 2017 23:00:10 GMT-0500 (EST)]  5,-79.810142,43.373074,-79.810142,43.737414,-79.422004,43.737414,-79.422004,43.373074
info [Wed Nov 08 2017 23:00:10 GMT-0500 (EST)]  6,-79.639319,43.403221,-79.639319,43.855401,-78.90582,43.855401,-78.90582,43.403221
info [Wed Nov 08 2017 23:00:10 GMT-0500 (EST)]  7,-79.639319,43.403221,-79.639319,43.855401,-78.90582,43.855401,-78.90582,43.403221
info [Wed Nov 08 2017 23:00:10 GMT-0500 (EST)]  8,-79.810142,43.373074,-79.810142,43.737414,-79.422004,43.737414,-79.422004,43.373074
info [Wed Nov 08 2017 23:00:14 GMT-0500 (EST)]  9,-79.639319,43.403221,-79.639319,43.855401,-78.90582,43.855401,-78.90582,43.403221
info [Wed Nov 08 2017 23:00:17 GMT-0500 (EST)]  10,-79.639319,43.403221,-79.639319,43.855401,-78.90582,43.855401,-78.90582,43.403221
info [Wed Nov 08 2017 23:00:19 GMT-0500 (EST)]  11,-79.810142,43.373074,-79.810142,43.737414,-79.422004,43.737414,-79.422004,43.373074
info [Wed Nov 08 2017 23:00:21 GMT-0500 (EST)]  12,-141.561094,41.676329,-141.561094,89.9999,-51.053519,89.9999,-51.053519,41.676329
info [Wed Nov 08 2017 23:00:22 GMT-0500 (EST)]  13,-141.561094,41.676329,-141.561094,89.9999,-51.053519,89.9999,-51.053519,41.676329
info [Wed Nov 08 2017 23:00:25 GMT-0500 (EST)]  14,-79.888911,43.60222,-79.888911,43.847722,-79.630272,43.847722,-79.630272,43.60222
info [Wed Nov 08 2017 23:00:26 GMT-0500 (EST)]  15,-79.76259,40.477383,-79.76259,45.015851,-71.777492,45.015851,-71.777492,40.477383
info [Wed Nov 08 2017 23:00:34 GMT-0500 (EST)]  16,-79.76259,40.477383,-79.76259,45.015851,-71.777492,45.015851,-71.777492,40.477383
info [Wed Nov 08 2017 23:00:35 GMT-0500 (EST)]  17,-79.639319,43.403221,-79.639319,43.855401,-78.90582,43.855401,-78.90582,43.403221
info [Wed Nov 08 2017 23:00:36 GMT-0500 (EST)]  18,-79.76259,40.477383,-79.76259,45.015851,-71.777492,45.015851,-71.777492,40.477383
info [Wed Nov 08 2017 23:00:37 GMT-0500 (EST)]  19,-79.76259,40.477383,-79.76259,45.015851,-71.777492,45.015851,-71.777492,40.477383
info [Wed Nov 08 2017 23:00:38 GMT-0500 (EST)]  20,-79.76259,40.477383,-79.76259,45.015851,-71.777492,45.015851,-71.777492,40.477383
info [Wed Nov 08 2017 23:00:39 GMT-0500 (EST)]  21,-79.639319,43.403221,-79.639319,43.855401,-78.90582,43.855401,-78.90582,43.403221
info [Wed Nov 08 2017 23:00:40 GMT-0500 (EST)]  22,-79.639319,43.403221,-79.639319,43.855401,-78.90582,43.855401,-78.90582,43.403221
info [Wed Nov 08 2017 23:00:44 GMT-0500 (EST)]  23,-79.810142,43.373074,-79.810142,43.737414,-79.422004,43.737414,-79.422004,43.373074
info [Wed Nov 08 2017 23:00:46 GMT-0500 (EST)]  24,-79.76259,40.477383,-79.76259,45.015851,-71.777492,45.015851,-71.777492,40.477383
info [Wed Nov 08 2017 23:00:47 GMT-0500 (EST)]  25,-79.810142,43.373074,-79.810142,43.737414,-79.422004,43.737414,-79.422004,43.373074
info [Wed Nov 08 2017 23:00:48 GMT-0500 (EST)]  26,-79.639319,43.403221,-79.639319,43.855401,-78.90582,43.855401,-78.90582,43.403221
info [Wed Nov 08 2017 23:00:57 GMT-0500 (EST)]  27,-79.639319,43.403221,-79.639319,43.855401,-78.90582,43.855401,-78.90582,43.403221
info [Wed Nov 08 2017 23:00:57 GMT-0500 (EST)]  28,-79.810142,43.373074,-79.810142,43.737414,-79.422004,43.737414,-79.422004,43.373074
info [Wed Nov 08 2017 23:00:58 GMT-0500 (EST)]  29,-79.76259,40.477383,-79.76259,45.015851,-71.777492,45.015851,-71.777492,40.477383
info [Wed Nov 08 2017 23:00:58 GMT-0500 (EST)]  30,-79.639319,43.403221,-79.639319,43.855401,-78.90582,43.855401,-78.90582,43.403221
info [Wed Nov 08 2017 23:00:59 GMT-0500 (EST)]  31,-79.76259,40.477383,-79.76259,45.015851,-71.777492,45.015851,-71.777492,40.477383
info [Wed Nov 08 2017 23:01:02 GMT-0500 (EST)]  32,-79.810142,43.373074,-79.810142,43.737414,-79.422004,43.737414,-79.422004,43.373074
info [Wed Nov 08 2017 23:01:02 GMT-0500 (EST)]  33,-79.639319,43.403221,-79.639319,43.855401,-78.90582,43.855401,-78.90582,43.403221
info [Wed Nov 08 2017 23:01:02 GMT-0500 (EST)]  34,-141.561094,41.676329,-141.561094,89.9999,-51.053519,89.9999,-51.053519,41.676329
info [Wed Nov 08 2017 23:01:06 GMT-0500 (EST)]  35,-79.810142,43.373074,-79.810142,43.737414,-79.422004,43.737414,-79.422004,43.373074
info [Wed Nov 08 2017 23:01:09 GMT-0500 (EST)]  36,-79.639319,43.403221,-79.639319,43.855401,-78.90582,43.855401,-78.90582,43.403221
info [Wed Nov 08 2017 23:01:12 GMT-0500 (EST)]  37,-79.639319,43.403221,-79.639319,43.855401,-78.90582,43.855401,-78.90582,43.403221
info [Wed Nov 08 2017 23:01:13 GMT-0500 (EST)]  38,-79.639319,43.403221,-79.639319,43.855401,-78.90582,43.855401,-78.90582,43.403221
info [Wed Nov 08 2017 23:01:14 GMT-0500 (EST)]  39,-79.639319,43.403221,-79.639319,43.855401,-78.90582,43.855401,-78.90582,43.403221
info [Wed Nov 08 2017 23:01:14 GMT-0500 (EST)]  40,-79.639319,43.403221,-79.639319,43.855401,-78.90582,43.855401,-78.90582,43.403221
info [Wed Nov 08 2017 23:01:14 GMT-0500 (EST)]  41,-79.639319,43.403221,-79.639319,43.855401,-78.90582,43.855401,-78.90582,43.403221
info [Wed Nov 08 2017 23:01:16 GMT-0500 (EST)]  42,-79.711527,43.749761,-79.711527,43.924448,-79.420056,43.924448,-79.420056,43.749761
info [Wed Nov 08 2017 23:01:18 GMT-0500 (EST)]  43,-79.639319,43.403221,-79.639319,43.855401,-78.90582,43.855401,-78.90582,43.403221
info [Wed Nov 08 2017 23:01:18 GMT-0500 (EST)]  44,-79.639319,43.403221,-79.639319,43.855401,-78.90582,43.855401,-78.90582,43.403221
info [Wed Nov 08 2017 23:01:23 GMT-0500 (EST)]  45,-79.76259,40.477383,-79.76259,45.015851,-71.777492,45.015851,-71.777492,40.477383
info [Wed Nov 08 2017 23:01:28 GMT-0500 (EST)]  46,-79.810142,43.373074,-79.810142,43.737414,-79.422004,43.737414,-79.422004,43.373074
info [Wed Nov 08 2017 23:01:29 GMT-0500 (EST)]  47,-79.639319,43.403221,-79.639319,43.855401,-78.90582,43.855401,-78.90582,43.403221
info [Wed Nov 08 2017 23:01:29 GMT-0500 (EST)]  48,-79.639319,43.403221,-79.639319,43.855401,-78.90582,43.855401,-78.90582,43.403221
info [Wed Nov 08 2017 23:01:30 GMT-0500 (EST)]  49,-79.639319,43.403221,-79.639319,43.855401,-78.90582,43.855401,-78.90582,43.403221
info [Wed Nov 08 2017 23:01:30 GMT-0500 (EST)]  50,-79.639319,43.403221,-79.639319,43.855401,-78.90582,43.855401,-78.90582,43.403221
info [Wed Nov 08 2017 23:01:31 GMT-0500 (EST)]  51,-141.561094,41.676329,-141.561094,89.9999,-51.053519,89.9999,-51.053519,41.676329
info [Wed Nov 08 2017 23:01:36 GMT-0500 (EST)]  52,-79.76259,40.477383,-79.76259,45.015851,-71.777492,45.015851,-71.777492,40.477383
info [Wed Nov 08 2017 23:01:38 GMT-0500 (EST)]  53,-79.639319,43.403221,-79.639319,43.855401,-78.90582,43.855401,-78.90582,43.403221
info [Wed Nov 08 2017 23:01:39 GMT-0500 (EST)]  54,-79.639319,43.403221,-79.639319,43.855401,-78.90582,43.855401,-78.90582,43.403221
info [Wed Nov 08 2017 23:01:42 GMT-0500 (EST)]  55,-79.639319,43.403221,-79.639319,43.855401,-78.90582,43.855401,-78.90582,43.403221
info [Wed Nov 08 2017 23:01:43 GMT-0500 (EST)]  56,-79.639319,43.403221,-79.639319,43.855401,-78.90582,43.855401,-78.90582,43.403221
info [Wed Nov 08 2017 23:01:43 GMT-0500 (EST)]  57,-79.76259,40.477383,-79.76259,45.015851,-71.777492,45.015851,-71.777492,40.477383
info [Wed Nov 08 2017 23:01:43 GMT-0500 (EST)]  58,-141.561094,41.676329,-141.561094,89.9999,-51.053519,89.9999,-51.053519,41.676329
info [Wed Nov 08 2017 23:01:46 GMT-0500 (EST)]  59,-79.76259,40.477383,-79.76259,45.015851,-71.777492,45.015851,-71.777492,40.477383
info [Wed Nov 08 2017 23:01:57 GMT-0500 (EST)]  60,-79.76259,40.477383,-79.76259,45.015851,-71.777492,45.015851,-71.777492,40.477383
info [Wed Nov 08 2017 23:01:57 GMT-0500 (EST)]  61,-79.639319,43.403221,-79.639319,43.855401,-78.90582,43.855401,-78.90582,43.403221
info [Wed Nov 08 2017 23:01:58 GMT-0500 (EST)]  62,-79.810142,43.373074,-79.810142,43.737414,-79.422004,43.737414,-79.422004,43.373074
info [Wed Nov 08 2017 23:02:08 GMT-0500 (EST)]  63,-79.639319,43.403221,-79.639319,43.855401,-78.90582,43.855401,-78.90582,43.403221
info [Wed Nov 08 2017 23:02:09 GMT-0500 (EST)]  64,-79.639319,43.403221,-79.639319,43.855401,-78.90582,43.855401,-78.90582,43.403221
info [Wed Nov 08 2017 23:02:11 GMT-0500 (EST)]  65,-79.639319,43.403221,-79.639319,43.855401,-78.90582,43.855401,-78.90582,43.403221
info [Wed Nov 08 2017 23:02:14 GMT-0500 (EST)]  66,-79.76259,40.477383,-79.76259,45.015851,-71.777492,45.015851,-71.777492,40.477383
info [Wed Nov 08 2017 23:02:14 GMT-0500 (EST)]  67,-79.76259,40.477383,-79.76259,45.015851,-71.777492,45.015851,-71.777492,40.477383
info [Wed Nov 08 2017 23:02:15 GMT-0500 (EST)]  68,-79.76259,40.477383,-79.76259,45.015851,-71.777492,45.015851,-71.777492,40.477383
info [Wed Nov 08 2017 23:02:20 GMT-0500 (EST)]  69,-79.639319,43.403221,-79.639319,43.855401,-78.90582,43.855401,-78.90582,43.403221
info [Wed Nov 08 2017 23:02:20 GMT-0500 (EST)]  70,-79.76259,40.477383,-79.76259,45.015851,-71.777492,45.015851,-71.777492,40.477383
info [Wed Nov 08 2017 23:02:31 GMT-0500 (EST)]  71,-79.810142,43.373074,-79.810142,43.737414,-79.422004,43.737414,-79.422004,43.373074
info [Wed Nov 08 2017 23:02:33 GMT-0500 (EST)]  72,-79.76259,40.477383,-79.76259,45.015851,-71.777492,45.015851,-71.777492,40.477383
info [Wed Nov 08 2017 23:02:34 GMT-0500 (EST)]  73,-79.76259,40.477383,-79.76259,45.015851,-71.777492,45.015851,-71.777492,40.477383
